<?xml version="1.0" encoding="UTF-8"?>
<robot generator="Robot 7.3.2 (Python 3.8.10 on linux)" generated="2025-12-05T15:30:09.144125" rpa="false" schemaversion="5">
<suite id="s1" name="MSS-AUTOMATION" source="/DATA/bjadoui/MSS-AUTOMATION">
<suite id="s1-s1" name="Tests" source="/DATA/bjadoui/MSS-AUTOMATION/tests">
<suite id="s1-s1-s1" name="CustomCall" source="/DATA/bjadoui/MSS-AUTOMATION/tests/CustomCall.robot">
<test id="s1-s1-s1-t1" name="Custom Call Scenario - Two STF Devices" line="161">
<kw name="Get Current Date" owner="DateTime">
<msg time="2025-12-05T15:30:09.308048" level="INFO">${START_TIME_RAW} = 2025-12-05 15:30:09.307905</msg>
<var>${START_TIME_RAW}</var>
<arg>result_format=%Y-%m-%d %H:%M:%S.%f</arg>
<doc>Returns current local or UTC time with an optional increment.</doc>
<status status="PASS" start="2025-12-05T15:30:09.307663" elapsed="0.000431"/>
</kw>
<kw name="Set Variable" owner="BuiltIn">
<msg time="2025-12-05T15:30:09.308897" level="INFO">${START_TIME_ORIGINAL} = 2025-12-05 15:30:09.307</msg>
<var>${START_TIME_ORIGINAL}</var>
<arg>${START_TIME_RAW[:23]}</arg>
<doc>Returns the given values which can then be assigned to a variables.</doc>
<status status="PASS" start="2025-12-05T15:30:09.308299" elapsed="0.000631"/>
</kw>
<kw name="Set Variable" owner="BuiltIn">
<msg time="2025-12-05T15:30:09.309675" level="INFO">${START_TIME} = 2025-12-05 15:30:00.000</msg>
<var>${START_TIME}</var>
<arg>${START_TIME_ORIGINAL[:17]}00.000</arg>
<doc>Returns the given values which can then be assigned to a variables.</doc>
<status status="PASS" start="2025-12-05T15:30:09.309093" elapsed="0.000614"/>
</kw>
<kw name="Log To Console" owner="BuiltIn">
<arg>\n${\n}Test Start Time (Original): ${START_TIME_ORIGINAL}</arg>
<doc>Logs the given message to the console.</doc>
<status status="PASS" start="2025-12-05T15:30:09.309878" elapsed="0.000249"/>
</kw>
<kw name="Log To Console" owner="BuiltIn">
<arg>Test Start Time (Adjusted): ${START_TIME}</arg>
<doc>Logs the given message to the console.</doc>
<status status="PASS" start="2025-12-05T15:30:09.310315" elapsed="0.000196"/>
</kw>
<kw name="Log" owner="BuiltIn">
<msg time="2025-12-05T15:30:09.310844" level="INFO">Test Start Time (Original): 2025-12-05 15:30:09.307</msg>
<arg>Test Start Time (Original): ${START_TIME_ORIGINAL}</arg>
<doc>Logs the given message with the given level.</doc>
<status status="PASS" start="2025-12-05T15:30:09.310672" elapsed="0.000223"/>
</kw>
<kw name="Log" owner="BuiltIn">
<msg time="2025-12-05T15:30:09.311189" level="INFO">Test Start Time (Adjusted): 2025-12-05 15:30:00.000</msg>
<arg>Test Start Time (Adjusted): ${START_TIME}</arg>
<doc>Logs the given message with the given level.</doc>
<status status="PASS" start="2025-12-05T15:30:09.311044" elapsed="0.000192"/>
</kw>
<kw name="Set Suite Variable" owner="BuiltIn">
<msg time="2025-12-05T15:30:09.311610" level="INFO">${START_TIME} = 2025-12-05 15:30:00.000</msg>
<arg>${START_TIME}</arg>
<doc>Makes a variable available everywhere within the scope of the current suite.</doc>
<status status="PASS" start="2025-12-05T15:30:09.311405" elapsed="0.000252"/>
</kw>
<kw name="Run Custom Scenario" owner="custom_call">
<msg time="2025-12-05T15:30:09.312420" level="INFO">============================================================</msg>
<msg time="2025-12-05T15:30:09.312536" level="INFO">=============== CUSTOM CALL SCENARIO =======================</msg>
<msg time="2025-12-05T15:30:09.312619" level="INFO">============================================================</msg>
<msg time="2025-12-05T15:30:09.312692" level="INFO">Scenario Steps:</msg>
<msg time="2025-12-05T15:30:09.312764" level="INFO">  1. Restart ADB server</msg>
<msg time="2025-12-05T15:30:09.312838" level="INFO">  2. Auto-select two available STF devices</msg>
<msg time="2025-12-05T15:30:09.312912" level="INFO">  3. Connect both via STF (serial → IP:PORT)</msg>
<msg time="2025-12-05T15:30:09.312986" level="INFO">  4. Switch Phone A to 2G</msg>
<msg time="2025-12-05T15:30:09.313060" level="INFO">  5. Phone A calls Phone B</msg>
<msg time="2025-12-05T15:30:09.313136" level="INFO">  6. Phone B answers after 5 seconds of ringing</msg>
<msg time="2025-12-05T15:30:09.313209" level="INFO">  7. Call lasts 30 seconds then ends</msg>
<msg time="2025-12-05T15:30:09.313285" level="INFO">============================================================</msg>
<msg time="2025-12-05T15:30:09.335037" level="INFO">Total devices in STF: 23</msg>
<msg time="2025-12-05T15:30:09.335232" level="INFO">✓ Device QV70006W1B (H8216) is available</msg>
<msg time="2025-12-05T15:30:09.336225" level="INFO">✓ Device R5CWA1TBCYZ (SM-A546B) is available</msg>
<msg time="2025-12-05T15:30:09.337042" level="INFO">✓ Device R5CX130T0YK (SM-A546U) is available</msg>
<msg time="2025-12-05T15:30:09.337642" level="INFO">✓ Device R5CWA1TBD9Y (SM-A546B) is available</msg>
<msg time="2025-12-05T15:30:09.337781" level="INFO">✓ Device RZCX20HCFEF (SM-A546B) is available</msg>
<msg time="2025-12-05T15:30:09.338002" level="INFO">Selected STF devices:</msg>
<msg time="2025-12-05T15:30:09.338074" level="INFO">  Phone A: QV70006W1B - H8216 (OS 8.0.0)</msg>
<msg time="2025-12-05T15:30:09.338146" level="INFO">  Phone B: R5CWA1TBCYZ - SM-A546B (OS 15)</msg>
<msg time="2025-12-05T15:30:09.338262" level="INFO">
============================================================</msg>
<msg time="2025-12-05T15:30:09.338351" level="INFO">STEP 0: Determining MSISDNs for the devices...</msg>
<msg time="2025-12-05T15:30:09.338426" level="INFO">============================================================</msg>
<msg time="2025-12-05T15:30:09.338623" level="INFO">Using MSISDN for Phone A: 4915781993213</msg>
<msg time="2025-12-05T15:30:09.338704" level="INFO">Using MSISDN for Phone B: 4915900104513</msg>
<msg time="2025-12-05T15:30:09.338801" level="INFO">✓ STF Manager initialized</msg>
<msg time="2025-12-05T15:30:09.338882" level="INFO">
============================================================</msg>
<msg time="2025-12-05T15:30:09.338956" level="INFO">STEP 0: Connecting selected STF devices via serial...</msg>
<msg time="2025-12-05T15:30:09.339028" level="INFO">============================================================</msg>
<msg time="2025-12-05T15:30:09.339101" level="INFO">Verifying Phone A (QV70006W1B) availability...</msg>
<msg time="2025-12-05T15:30:09.350964" level="INFO">Connecting to STF device QV70006W1B...</msg>
<msg time="2025-12-05T15:30:09.383775" level="INFO">✓ Device QV70006W1B added to user</msg>
<msg time="2025-12-05T15:30:09.396877" level="INFO">✓ Remote connect URL for QV70006W1B: 172.29.42.44:7413</msg>
<msg time="2025-12-05T15:30:09.408602" level="INFO">✓ Successfully connected to device QV70006W1B at 172.29.42.44:7413</msg>
<msg time="2025-12-05T15:30:09.408840" level="INFO">Verifying Phone B (R5CWA1TBCYZ) availability...</msg>
<msg time="2025-12-05T15:30:09.419806" level="INFO">Connecting to STF device R5CWA1TBCYZ...</msg>
<msg time="2025-12-05T15:30:09.438886" level="INFO">✓ Device R5CWA1TBCYZ added to user</msg>
<msg time="2025-12-05T15:30:09.451348" level="INFO">✓ Remote connect URL for R5CWA1TBCYZ: 172.29.42.44:7477</msg>
<msg time="2025-12-05T15:30:09.463274" level="INFO">✓ Successfully connected to device R5CWA1TBCYZ at 172.29.42.44:7477</msg>
<msg time="2025-12-05T15:30:09.463456" level="INFO">Phone A ADB target: 172.29.42.44:7413</msg>
<msg time="2025-12-05T15:30:09.463540" level="INFO">Phone B ADB target: 172.29.42.44:7477</msg>
<msg time="2025-12-05T15:30:09.463621" level="INFO">Phone A: 4915781993213 @ 172.29.42.44:7413 (serial QV70006W1B)</msg>
<msg time="2025-12-05T15:30:09.463704" level="INFO">Phone B: 4915900104513 @ 172.29.42.44:7477 (serial R5CWA1TBCYZ)</msg>
<msg time="2025-12-05T15:30:09.463786" level="INFO">
============================================================</msg>
<msg time="2025-12-05T15:30:09.463860" level="INFO">STEP 1: Restarting ADB server...</msg>
<msg time="2025-12-05T15:30:09.463931" level="INFO">============================================================</msg>
<msg time="2025-12-05T15:30:09.464012" level="INFO">Killing ADB server...</msg>
<msg time="2025-12-05T15:30:09.467653" level="INFO">✓ ADB server killed successfully</msg>
<msg time="2025-12-05T15:30:10.469230" level="INFO">Starting ADB server...</msg>
<msg time="2025-12-05T15:30:13.484390" level="INFO">✓ ADB server started successfully</msg>
<msg time="2025-12-05T15:30:13.484989" level="INFO">Note: You may need to authorize the connection on your device(s)</msg>
<msg time="2025-12-05T15:30:13.485274" level="INFO">✓ ADB server restarted successfully</msg>
<msg time="2025-12-05T15:30:15.486766" level="INFO">
============================================================</msg>
<msg time="2025-12-05T15:30:15.487076" level="INFO">STEP 2: Connecting to both phones (via ADB)...</msg>
<msg time="2025-12-05T15:30:15.487324" level="INFO">============================================================</msg>
<msg time="2025-12-05T15:30:15.487547" level="INFO">Connecting to Phone A (4915781993213)...</msg>
<msg time="2025-12-05T15:30:15.487767" level="INFO">Connecting to device at 172.29.42.44:7413...</msg>
<msg time="2025-12-05T15:30:15.496053" level="INFO">✓ Successfully connected to 172.29.42.44:7413</msg>
<msg time="2025-12-05T15:30:15.496363" level="INFO">Connecting to Phone B (4915900104513)...</msg>
<msg time="2025-12-05T15:30:15.496452" level="INFO">Connecting to device at 172.29.42.44:7477...</msg>
<msg time="2025-12-05T15:30:15.502379" level="INFO">✓ Successfully connected to 172.29.42.44:7477</msg>
<msg time="2025-12-05T15:30:15.502681" level="INFO">✓ Both phones connected successfully</msg>
<msg time="2025-12-05T15:30:17.505188" level="INFO">
============================================================</msg>
<msg time="2025-12-05T15:30:17.505524" level="INFO">STEP 2.5: Extracting IMSIs via ADB...</msg>
<msg time="2025-12-05T15:30:17.505732" level="INFO">============================================================</msg>
<msg time="2025-12-05T15:30:17.505953" level="INFO">Attempting to extract IMSI for Phone A (QV70006W1B)...</msg>
<msg time="2025-12-05T15:30:17.654872" level="INFO">✓ Phone A IMSI: 004402458587775</msg>
<msg time="2025-12-05T15:30:17.655269" level="INFO">Attempting to extract IMSI for Phone B (R5CWA1TBCYZ)...</msg>
<msg time="2025-12-05T15:30:19.156492" level="WARN">⚠ Phone B IMSI could not be extracted via ADB</msg>
<msg time="2025-12-05T15:30:19.156818" level="WARN">  Check debug logs above for detailed extraction attempts</msg>
<msg time="2025-12-05T15:30:19.156989" level="INFO">
============================================================</msg>
<msg time="2025-12-05T15:30:19.157078" level="INFO">STEP 3: Switching Phone A (4915781993213) to 2G...</msg>
<msg time="2025-12-05T15:30:19.157163" level="INFO">============================================================</msg>
<msg time="2025-12-05T15:30:19.157255" level="INFO">Setting network type to 2G (value: 1)...</msg>
<msg time="2025-12-05T15:30:19.259499" level="INFO">Current mode value: 1, changing to: 1</msg>
<msg time="2025-12-05T15:30:19.473684" level="INFO">✓ Network type setting commands executed successfully</msg>
<msg time="2025-12-05T15:30:19.473882" level="INFO">Applying changes by toggling airplane mode...</msg>
<msg time="2025-12-05T15:30:19.831299" level="INFO">Airplane mode enabled, waiting 3 seconds...</msg>
<msg time="2025-12-05T15:30:23.081506" level="INFO">Airplane mode disabled, waiting for network to reconnect...</msg>
<msg time="2025-12-05T15:30:28.086783" level="INFO">Verifying network mode change...</msg>
<msg time="2025-12-05T15:30:28.183729" level="INFO">✓ Network mode successfully changed and applied!</msg>
<msg time="2025-12-05T15:30:28.264552" level="INFO">Current network type: 2G only (GSM)</msg>
<msg time="2025-12-05T15:30:28.265134" level="INFO">✓ Successfully switched Phone A to 2G</msg>
<msg time="2025-12-05T15:30:28.265366" level="INFO">Waiting for network to stabilize (15 seconds)...</msg>
<msg time="2025-12-05T15:30:43.278573" level="INFO">
============================================================</msg>
<msg time="2025-12-05T15:30:43.278765" level="INFO">STEP 4: Phone A (4915781993213) calling Phone B (4915900104513)...</msg>
<msg time="2025-12-05T15:30:43.278887" level="INFO">============================================================</msg>
<msg time="2025-12-05T15:30:43.279007" level="INFO">Initiating call from 4915781993213 to +4915900104513...</msg>
<msg time="2025-12-05T15:30:43.398785" level="INFO">✓ Call initiated successfully!</msg>
<msg time="2025-12-05T15:30:43.399623" level="INFO">✓ Call initiated successfully</msg>
<msg time="2025-12-05T15:30:43.399869" level="INFO">
============================================================</msg>
<msg time="2025-12-05T15:30:43.400174" level="INFO">STEP 5: Waiting for Phone B to ring...</msg>
<msg time="2025-12-05T15:30:43.400404" level="INFO">============================================================</msg>
<msg time="2025-12-05T15:30:46.714774" level="INFO">⏳ Still waiting for ring... (3/30s)</msg>
<msg time="2025-12-05T15:30:48.904401" level="INFO">📞 Phone B (4915900104513) is ringing! (after 5 seconds)</msg>
<msg time="2025-12-05T15:30:48.904785" level="INFO">⏳ Waiting to answer... (5.0s remaining)</msg>
<msg time="2025-12-05T15:30:49.992712" level="INFO">⏳ Waiting to answer... (3.9s remaining)</msg>
<msg time="2025-12-05T15:30:51.076878" level="INFO">⏳ Waiting to answer... (2.8s remaining)</msg>
<msg time="2025-12-05T15:30:52.173068" level="INFO">⏳ Waiting to answer... (1.7s remaining)</msg>
<msg time="2025-12-05T15:30:53.262870" level="INFO">⏳ Waiting to answer... (0.6s remaining)</msg>
<msg time="2025-12-05T15:30:54.357156" level="INFO">
⏱️  Phone B has been ringing for 5.5 seconds</msg>
<msg time="2025-12-05T15:30:54.357315" level="INFO">Answering call on Phone B (4915900104513)...</msg>
<msg time="2025-12-05T15:30:54.441312" level="INFO">Answering call on +4915900104513...</msg>
<msg time="2025-12-05T15:30:54.503531" level="INFO">✓ Call answered successfully on +4915900104513</msg>
<msg time="2025-12-05T15:30:55.579359" level="INFO">✓ Call is now active (state: OFFHOOK)</msg>
<msg time="2025-12-05T15:30:55.579522" level="INFO">✓ Call answered successfully!</msg>
<msg time="2025-12-05T15:30:55.579608" level="INFO">
============================================================</msg>
<msg time="2025-12-05T15:30:55.579686" level="INFO">Waiting for call to be fully connected...</msg>
<msg time="2025-12-05T15:30:55.579759" level="INFO">============================================================</msg>
<msg time="2025-12-05T15:30:56.748415" level="INFO">✓ Call is now fully connected! (OFFHOOK on both sides after 1s)</msg>
<msg time="2025-12-05T15:30:56.748646" level="INFO">
============================================================</msg>
<msg time="2025-12-05T15:30:56.748776" level="INFO">STEP 6: Call in progress...</msg>
<msg time="2025-12-05T15:30:56.748896" level="INFO">============================================================</msg>
<msg time="2025-12-05T15:30:56.749022" level="INFO">⏱️  Call timer started! Call will last 30 seconds...</msg>
<msg time="2025-12-05T15:30:56.749152" level="INFO">⏳ Call in progress... 30s remaining</msg>
<msg time="2025-12-05T15:31:01.750555" level="INFO">⏳ Call in progress... 25s remaining</msg>
<msg time="2025-12-05T15:31:06.754758" level="INFO">⏳ Call in progress... 20s remaining</msg>
<msg time="2025-12-05T15:31:11.758553" level="INFO">⏳ Call in progress... 15s remaining</msg>
<msg time="2025-12-05T15:31:16.762620" level="INFO">⏳ Call in progress... 10s remaining</msg>
<msg time="2025-12-05T15:31:21.766614" level="INFO">⏳ Call in progress... 5s remaining</msg>
<msg time="2025-12-05T15:31:26.770523" level="INFO">
⏱️  30 seconds elapsed. Ending call...</msg>
<msg time="2025-12-05T15:31:26.888210" level="INFO">Ending call on +4915781993213...</msg>
<msg time="2025-12-05T15:31:27.658769" level="INFO">✓ Call ended successfully on +4915781993213</msg>
<msg time="2025-12-05T15:31:27.761079" level="INFO">Also ending call on +4915900104513...</msg>
<msg time="2025-12-05T15:31:27.819082" level="INFO">✓ Call ended on +4915900104513</msg>
<msg time="2025-12-05T15:31:28.909539" level="INFO">✓ Phone is now idle (state: IDLE)</msg>
<msg time="2025-12-05T15:31:28.910115" level="INFO">✓ Call ended successfully</msg>
<msg time="2025-12-05T15:31:28.910420" level="INFO">
============================================================</msg>
<msg time="2025-12-05T15:31:28.910675" level="INFO">================= SCENARIO COMPLETE ========================</msg>
<msg time="2025-12-05T15:31:28.910916" level="INFO">============================================================</msg>
<msg time="2025-12-05T15:31:28.911227" level="INFO">✓ All steps completed successfully!</msg>
<msg time="2025-12-05T15:31:28.911479" level="INFO">  • Both phones connected via STF (serial-based)</msg>
<msg time="2025-12-05T15:31:28.911700" level="INFO">  • Phone A switched to 2G</msg>
<msg time="2025-12-05T15:31:28.911919" level="INFO">  • Call initiated from Phone A to Phone B</msg>
<msg time="2025-12-05T15:31:28.912134" level="INFO">  • Phone B answered after 5 seconds of ringing</msg>
<msg time="2025-12-05T15:31:28.912344" level="INFO">  • Call lasted 30 seconds and ended</msg>
<msg time="2025-12-05T15:31:28.912555" level="INFO">============================================================</msg>
<msg time="2025-12-05T15:31:28.912819" level="INFO">{'success': True, 'phone_a_msisdn': '4915781993213', 'phone_b_msisdn': '4915900104513', 'phone_a_serial': 'QV70006W1B', 'phone_b_serial': 'R5CWA1TBCYZ', 'phone_a_imsi': '004402458587775', 'phone_b_imsi': 'UNKNOWN_IMSI_B'}</msg>
<msg time="2025-12-05T15:31:28.913070" level="INFO">Disconnecting STF device QV70006W1B...</msg>
<msg time="2025-12-05T15:31:28.940905" level="INFO">✓ Device QV70006W1B disconnected</msg>
<msg time="2025-12-05T15:31:28.959825" level="INFO">✓ Device QV70006W1B removed from user</msg>
<msg time="2025-12-05T15:31:28.960281" level="INFO">✓ Successfully disconnected device QV70006W1B</msg>
<msg time="2025-12-05T15:31:28.960523" level="INFO">Disconnecting STF device R5CWA1TBCYZ...</msg>
<msg time="2025-12-05T15:31:28.982872" level="INFO">✓ Device R5CWA1TBCYZ disconnected</msg>
<msg time="2025-12-05T15:31:28.999068" level="INFO">✓ Device R5CWA1TBCYZ removed from user</msg>
<msg time="2025-12-05T15:31:28.999503" level="INFO">✓ Successfully disconnected device R5CWA1TBCYZ</msg>
<msg time="2025-12-05T15:31:29.000750" level="INFO">============================================================
[97m2025-12-05 15:30:09[0m [[96mINFO[0m] ============================================================
=============== CUSTOM CALL SCENARIO =======================
[97m2025-12-05 15:30:09[0m [[96mINFO[0m] =============== CUSTOM CALL SCENARIO =======================
============================================================
[97m2025-12-05 15:30:09[0m [[96mINFO[0m] ============================================================
Scenario Steps:
[97m2025-12-05 15:30:09[0m [[96mINFO[0m] Scenario Steps:
  1. Restart ADB server
[97m2025-12-05 15:30:09[0m [[96mINFO[0m]   1. Restart ADB server
  2. Auto-select two available STF devices
[97m2025-12-05 15:30:09[0m [[96mINFO[0m]   2. Auto-select two available STF devices
  3. Connect both via STF (serial → IP:PORT)
[97m2025-12-05 15:30:09[0m [[96mINFO[0m]   3. Connect both via STF (serial → IP:PORT)
  4. Switch Phone A to 2G
[97m2025-12-05 15:30:09[0m [[96mINFO[0m]   4. Switch Phone A to 2G
  5. Phone A calls Phone B
[97m2025-12-05 15:30:09[0m [[96mINFO[0m]   5. Phone A calls Phone B
  6. Phone B answers after 5 seconds of ringing
[97m2025-12-05 15:30:09[0m [[96mINFO[0m]   6. Phone B answers after 5 seconds of ringing
  7. Call lasts 30 seconds then ends
[97m2025-12-05 15:30:09[0m [[96mINFO[0m]   7. Call lasts 30 seconds then ends
============================================================
[97m2025-12-05 15:30:09[0m [[96mINFO[0m] ============================================================
[90m2025-12-05 15:30:09[0m [[90mDEBUG[0m] [90mFound 23 devices in STF[0m
[97m2025-12-05 15:30:09[0m [[96mINFO[0m] Total devices in STF: 23
[90m2025-12-05 15:30:09[0m [[90mDEBUG[0m] [90mDevice QV70006W1B: present=True, ready=True, using=False, owner=None[0m
[97m2025-12-05 15:30:09[0m [[96mINFO[0m] ✓ Device QV70006W1B (H8216) is available
[90m2025-12-05 15:30:09[0m [[90mDEBUG[0m] [90mDevice R5CR217D85N: present=False, ready=True, using=False, owner=None[0m
[90m2025-12-05 15:30:09[0m [[90mDEBUG[0m] [90m✗ Device R5CR217D85N unavailable: not present[0m
[90m2025-12-05 15:30:09[0m [[90mDEBUG[0m] [90mDevice RZCX20HCQQW: present=False, ready=True, using=False, owner=None[0m
[90m2025-12-05 15:30:09[0m [[90mDEBUG[0m] [90m✗ Device RZCX20HCQQW unavailable: not present[0m
[90m2025-12-05 15:30:09[0m [[90mDEBUG[0m] [90mDevice R38MB03ZNYJ: present=False, ready=True, using=False, owner=None[0m
[90m2025-12-05 15:30:09[0m [[90mDEBUG[0m] [90m✗ Device R38MB03ZNYJ unavailable: not present[0m
[90m2025-12-05 15:30:09[0m [[90mDEBUG[0m] [90mDevice R3CW70CMBJH: present=False, ready=True, using=False, owner=None[0m
[90m2025-12-05 15:30:09[0m [[90mDEBUG[0m] [90m✗ Device R3CW70CMBJH unavailable: not present[0m
[90m2025-12-05 15:30:09[0m [[90mDEBUG[0m] [90mDevice 2791689f0822: present=False, ready=True, using=False, owner=None[0m
[90m2025-12-05 15:30:09[0m [[90mDEBUG[0m] [90m✗ Device 2791689f0822 unavailable: not present[0m
[90m2025-12-05 15:30:09[0m [[90mDEBUG[0m] [90mDevice R5CR217D8AR: present=False, ready=True, using=False, owner=None[0m
[90m2025-12-05 15:30:09[0m [[90mDEBUG[0m] [90m✗ Device R5CR217D8AR unavailable: not present[0m
[90m2025-12-05 15:30:09[0m [[90mDEBUG[0m] [90mDevice BH90017AAX: present=False, ready=True, using=False, owner=None[0m
[90m2025-12-05 15:30:09[0m [[90mDEBUG[0m] [90m✗ Device BH90017AAX unavailable: not present[0m
[90m2025-12-05 15:30:09[0m [[90mDEBUG[0m] [90mDevice R5CWA1TBCYZ: present=True, ready=True, using=False, owner=None[0m
[97m2025-12-05 15:30:09[0m [[96mINFO[0m] ✓ Device R5CWA1TBCYZ (SM-A546B) is available
[90m2025-12-05 15:30:09[0m [[90mDEBUG[0m] [90mDevice R5CR2184PXT: present=False, ready=True, using=False, owner=None[0m
[90m2025-12-05 15:30:09[0m [[90mDEBUG[0m] [90m✗ Device R5CR2184PXT unavailable: not present[0m
[90m2025-12-05 15:30:09[0m [[90mDEBUG[0m] [90mDevice R5CWA1TBC2F: present=False, ready=True, using=False, owner=None[0m
[90m2025-12-05 15:30:09[0m [[90mDEBUG[0m] [90m✗ Device R5CWA1TBC2F unavailable: not present[0m
[90m2025-12-05 15:30:09[0m [[90mDEBUG[0m] [90mDevice R5CR217E16N: present=False, ready=True, using=False, owner=None[0m
[90m2025-12-05 15:30:09[0m [[90mDEBUG[0m] [90m✗ Device R5CR217E16N unavailable: not present[0m
[90m2025-12-05 15:30:09[0m [[90mDEBUG[0m] [90mDevice R3CTC079E8V: present=False, ready=True, using=False, owner=None[0m
[90m2025-12-05 15:30:09[0m [[90mDEBUG[0m] [90m✗ Device R3CTC079E8V unavailable: not present[0m
[90m2025-12-05 15:30:09[0m [[90mDEBUG[0m] [90mDevice RZCY22CQ4FE: present=False, ready=True, using=False, owner=None[0m
[90m2025-12-05 15:30:09[0m [[90mDEBUG[0m] [90m✗ Device RZCY22CQ4FE unavailable: not present[0m
[90m2025-12-05 15:30:09[0m [[90mDEBUG[0m] [90mDevice RZCY22CQ3ZZ: present=False, ready=False, using=False, owner=None[0m
[90m2025-12-05 15:30:09[0m [[90mDEBUG[0m] [90m✗ Device RZCY22CQ3ZZ unavailable: not present, not ready[0m
[90m2025-12-05 15:30:09[0m [[90mDEBUG[0m] [90mDevice R5CX130T0YK: present=True, ready=True, using=False, owner=None[0m
[97m2025-12-05 15:30:09[0m [[96mINFO[0m] ✓ Device R5CX130T0YK (SM-A546U) is available
[90m2025-12-05 15:30:09[0m [[90mDEBUG[0m] [90mDevice R5CWA1TAA6R: present=False, ready=True, using=False, owner=None[0m
[90m2025-12-05 15:30:09[0m [[90mDEBUG[0m] [90m✗ Device R5CWA1TAA6R unavailable: not present[0m
[90m2025-12-05 15:30:09[0m [[90mDEBUG[0m] [90mDevice R5CWA1TAAXX: present=False, ready=True, using=False, owner=None[0m
[90m2025-12-05 15:30:09[0m [[90mDEBUG[0m] [90m✗ Device R5CWA1TAAXX unavailable: not present[0m
[90m2025-12-05 15:30:09[0m [[90mDEBUG[0m] [90mDevice R5CWA2RSCTV: present=False, ready=True, using=False, owner=None[0m
[90m2025-12-05 15:30:09[0m [[90mDEBUG[0m] [90m✗ Device R5CWA2RSCTV unavailable: not present[0m
[90m2025-12-05 15:30:09[0m [[90mDEBUG[0m] [90mDevice RZCX20HC60M: present=False, ready=True, using=False, owner=None[0m
[90m2025-12-05 15:30:09[0m [[90mDEBUG[0m] [90m✗ Device RZCX20HC60M unavailable: not present[0m
[90m2025-12-05 15:30:09[0m [[90mDEBUG[0m] [90mDevice R5CWA1TBD9Y: present=True, ready=True, using=False, owner=None[0m
[97m2025-12-05 15:30:09[0m [[96mINFO[0m] ✓ Device R5CWA1TBD9Y (SM-A546B) is available
[90m2025-12-05 15:30:09[0m [[90mDEBUG[0m] [90mDevice RZCX20HCFEF: present=True, ready=True, using=False, owner=None[0m
[97m2025-12-05 15:30:09[0m [[96mINFO[0m] ✓ Device RZCX20HCFEF (SM-A546B) is available
[90m2025-12-05 15:30:09[0m [[90mDEBUG[0m] [90mDevice R5CWA1TBDQF: present=False, ready=True, using=False, owner=None[0m
[90m2025-12-05 15:30:09[0m [[90mDEBUG[0m] [90m✗ Device R5CWA1TBDQF unavailable: not present[0m
[97m2025-12-05 15:30:09[0m [[96mINFO[0m] Selected STF devices:
[97m2025-12-05 15:30:09[0m [[96mINFO[0m]   Phone A: QV70006W1B - H8216 (OS 8.0.0)
[97m2025-12-05 15:30:09[0m [[96mINFO[0m]   Phone B: R5CWA1TBCYZ - SM-A546B (OS 15)

============================================================
[97m2025-12-05 15:30:09[0m [[96mINFO[0m] 
============================================================
STEP 0: Determining MSISDNs for the devices...
[97m2025-12-05 15:30:09[0m [[96mINFO[0m] STEP 0: Determining MSISDNs for the devices...
============================================================
[97m2025-12-05 15:30:09[0m [[96mINFO[0m] ============================================================
Using MSISDN for Phone A: 4915781993213
[97m2025-12-05 15:30:09[0m [[96mINFO[0m] Using MSISDN for Phone A: 4915781993213
Using MSISDN for Phone B: 4915900104513
[97m2025-12-05 15:30:09[0m [[96mINFO[0m] Using MSISDN for Phone B: 4915900104513
[97m2025-12-05 15:30:09[0m [[96mINFO[0m] ✓ STF Manager initialized

============================================================
[97m2025-12-05 15:30:09[0m [[96mINFO[0m] 
============================================================
STEP 0: Connecting selected STF devices via serial...
[97m2025-12-05 15:30:09[0m [[96mINFO[0m] STEP 0: Connecting selected STF devices via serial...
============================================================
[97m2025-12-05 15:30:09[0m [[96mINFO[0m] ============================================================
Verifying Phone A (QV70006W1B) availability...
[97m2025-12-05 15:30:09[0m [[96mINFO[0m] Verifying Phone A (QV70006W1B) availability...
[97m2025-12-05 15:30:09[0m [[96mINFO[0m] Connecting to STF device QV70006W1B...
[97m2025-12-05 15:30:09[0m [[96mINFO[0m] ✓ Device QV70006W1B added to user
[97m2025-12-05 15:30:09[0m [[96mINFO[0m] ✓ Remote connect URL for QV70006W1B: 172.29.42.44:7413
[90m2025-12-05 15:30:09[0m [[90mDEBUG[0m] [90mConnecting to 172.29.42.44:7413 via ADB (attempt 1/2)...[0m
[90m2025-12-05 15:30:09[0m [[90mDEBUG[0m] [90mconnected to 172.29.42.44:7413[0m
[90m2025-12-05 15:30:09[0m [[90mDEBUG[0m] [90mConnecting to 172.29.42.44:7413 via ADB (attempt 2/2)...[0m
[90m2025-12-05 15:30:09[0m [[90mDEBUG[0m] [90malready connected to 172.29.42.44:7413[0m
[97m2025-12-05 15:30:09[0m [[96mINFO[0m] ✓ Successfully connected to device QV70006W1B at 172.29.42.44:7413
Verifying Phone B (R5CWA1TBCYZ) availability...
[97m2025-12-05 15:30:09[0m [[96mINFO[0m] Verifying Phone B (R5CWA1TBCYZ) availability...
[97m2025-12-05 15:30:09[0m [[96mINFO[0m] Connecting to STF device R5CWA1TBCYZ...
[97m2025-12-05 15:30:09[0m [[96mINFO[0m] ✓ Device R5CWA1TBCYZ added to user
[97m2025-12-05 15:30:09[0m [[96mINFO[0m] ✓ Remote connect URL for R5CWA1TBCYZ: 172.29.42.44:7477
[90m2025-12-05 15:30:09[0m [[90mDEBUG[0m] [90mConnecting to 172.29.42.44:7477 via ADB (attempt 1/2)...[0m
[90m2025-12-05 15:30:09[0m [[90mDEBUG[0m] [90mconnected to 172.29.42.44:7477[0m
[90m2025-12-05 15:30:09[0m [[90mDEBUG[0m] [90mConnecting to 172.29.42.44:7477 via ADB (attempt 2/2)...[0m
[90m2025-12-05 15:30:09[0m [[90mDEBUG[0m] [90malready connected to 172.29.42.44:7477[0m
[97m2025-12-05 15:30:09[0m [[96mINFO[0m] ✓ Successfully connected to device R5CWA1TBCYZ at 172.29.42.44:7477
Phone A ADB target: 172.29.42.44:7413
[97m2025-12-05 15:30:09[0m [[96mINFO[0m] Phone A ADB target: 172.29.42.44:7413
Phone B ADB target: 172.29.42.44:7477
[97m2025-12-05 15:30:09[0m [[96mINFO[0m] Phone B ADB target: 172.29.42.44:7477
Phone A: 4915781993213 @ 172.29.42.44:7413 (serial QV70006W1B)
[97m2025-12-05 15:30:09[0m [[96mINFO[0m] Phone A: 4915781993213 @ 172.29.42.44:7413 (serial QV70006W1B)
Phone B: 4915900104513 @ 172.29.42.44:7477 (serial R5CWA1TBCYZ)
[97m2025-12-05 15:30:09[0m [[96mINFO[0m] Phone B: 4915900104513 @ 172.29.42.44:7477 (serial R5CWA1TBCYZ)

============================================================
[97m2025-12-05 15:30:09[0m [[96mINFO[0m] 
============================================================
STEP 1: Restarting ADB server...
[97m2025-12-05 15:30:09[0m [[96mINFO[0m] STEP 1: Restarting ADB server...
============================================================
[97m2025-12-05 15:30:09[0m [[96mINFO[0m] ============================================================
[97m2025-12-05 15:30:09[0m [[96mINFO[0m] Killing ADB server...
[97m2025-12-05 15:30:09[0m [[96mINFO[0m] ✓ ADB server killed successfully
[97m2025-12-05 15:30:10[0m [[96mINFO[0m] Starting ADB server...
[97m2025-12-05 15:30:13[0m [[96mINFO[0m] ✓ ADB server started successfully
[97m2025-12-05 15:30:13[0m [[96mINFO[0m] Note: You may need to authorize the connection on your device(s)
✓ ADB server restarted successfully
[97m2025-12-05 15:30:13[0m [[96mINFO[0m] ✓ ADB server restarted successfully

============================================================
[97m2025-12-05 15:30:15[0m [[96mINFO[0m] 
============================================================
STEP 2: Connecting to both phones (via ADB)...
[97m2025-12-05 15:30:15[0m [[96mINFO[0m] STEP 2: Connecting to both phones (via ADB)...
============================================================
[97m2025-12-05 15:30:15[0m [[96mINFO[0m] ============================================================
Connecting to Phone A (4915781993213)...
[97m2025-12-05 15:30:15[0m [[96mINFO[0m] Connecting to Phone A (4915781993213)...
[97m2025-12-05 15:30:15[0m [[96mINFO[0m] Connecting to device at 172.29.42.44:7413...
[97m2025-12-05 15:30:15[0m [[96mINFO[0m] ✓ Successfully connected to 172.29.42.44:7413
[90m2025-12-05 15:30:15[0m [[90mDEBUG[0m] [90mOutput: connected to 172.29.42.44:7413[0m
Connecting to Phone B (4915900104513)...
[97m2025-12-05 15:30:15[0m [[96mINFO[0m] Connecting to Phone B (4915900104513)...
[97m2025-12-05 15:30:15[0m [[96mINFO[0m] Connecting to device at 172.29.42.44:7477...
[97m2025-12-05 15:30:15[0m [[96mINFO[0m] ✓ Successfully connected to 172.29.42.44:7477
[90m2025-12-05 15:30:15[0m [[90mDEBUG[0m] [90mOutput: connected to 172.29.42.44:7477[0m
✓ Both phones connected successfully
[97m2025-12-05 15:30:15[0m [[96mINFO[0m] ✓ Both phones connected successfully

============================================================
[97m2025-12-05 15:30:17[0m [[96mINFO[0m] 
============================================================
STEP 2.5: Extracting IMSIs via ADB...
[97m2025-12-05 15:30:17[0m [[96mINFO[0m] STEP 2.5: Extracting IMSIs via ADB...
============================================================
[97m2025-12-05 15:30:17[0m [[96mINFO[0m] ============================================================
Attempting to extract IMSI for Phone A (QV70006W1B)...
[97m2025-12-05 15:30:17[0m [[96mINFO[0m] Attempting to extract IMSI for Phone A (QV70006W1B)...
[90m2025-12-05 15:30:17[0m [[90mDEBUG[0m] [90mStarting IMSI extraction for device QV70006W1B (IP:PORT=172.29.42.44:7413)[0m
[DEBUG IMSI] Starting IMSI extraction for device QV70006W1B (IP:PORT=172.29.42.44:7413)
[90m2025-12-05 15:30:17[0m [[90mDEBUG[0m] [90mDevice notes: SONY UE  -  Ericsson Device  epdg2   MSISDN: 4915781993213[0m
[DEBUG IMSI] Device notes: SONY UE  -  Ericsson Device  epdg2   MSISDN: 4915781993213
[90m2025-12-05 15:30:17[0m [[90mDEBUG[0m] [90mAttempting ADB extraction methods for 172.29.42.44:7413[0m
[DEBUG IMSI] Attempting ADB extraction methods for 172.29.42.44:7413
[90m2025-12-05 15:30:17[0m [[90mDEBUG[0m] [90mMethod 1: Trying getprop gsm.sim.operator.imsi...[0m
[DEBUG IMSI] Method 1: Trying getprop gsm.sim.operator.imsi...
[90m2025-12-05 15:30:17[0m [[90mDEBUG[0m] [90mMethod 1 return code: 0[0m
[DEBUG IMSI] Method 1 return code: 0
[90m2025-12-05 15:30:17[0m [[90mDEBUG[0m] [90mMethod 1 failed: No valid IMSI in output[0m
[DEBUG IMSI] Method 1 failed: No valid IMSI in output
[90m2025-12-05 15:30:17[0m [[90mDEBUG[0m] [90mMethod 2: Trying service call iphonesubinfo 1...[0m
[DEBUG IMSI] Method 2: Trying service call iphonesubinfo 1...
[90m2025-12-05 15:30:17[0m [[90mDEBUG[0m] [90mMethod 2 return code: 0[0m
[DEBUG IMSI] Method 2 return code: 0
[90m2025-12-05 15:30:17[0m [[90mDEBUG[0m] [90mMethod 2 output (first 200 chars): Result: Parcel(
  0x00000000: 00000000 0000000f 00300030 00340034 '........0.0.4.4.'
  0x00000010: 00320030 00350034 00350038 00370038 '0.2.4.5.8.5.8.7.'
  0x00000020: 00370037 00000035               [0m
[DEBUG IMSI] Method 2 output (first 200 chars): Result: Parcel(
  0x00000000: 00000000 0000000f 00300030 00340034 '........0.0.4.4.'
  0x00000010: 00320030 00350034 00350038 00370038 '0.2.4.5.8.5.8.7.'
  0x00000020: 00370037 00000035               
[90m2025-12-05 15:30:17[0m [[90mDEBUG[0m] [90mMethod 2 Strategy 1 extracted: '004402458587775'[0m
[DEBUG IMSI] Method 2 Strategy 1 extracted: '004402458587775'
[90m2025-12-05 15:30:17[0m [[90mDEBUG[0m] [90m✓ Method 2 SUCCESS (Strategy 1): 004402458587775[0m
[DEBUG IMSI] ✓ Method 2 SUCCESS (Strategy 1): 004402458587775
✓ Phone A IMSI: 004402458587775
[97m2025-12-05 15:30:17[0m [[96mINFO[0m] ✓ Phone A IMSI: 004402458587775
Attempting to extract IMSI for Phone B (R5CWA1TBCYZ)...
[97m2025-12-05 15:30:17[0m [[96mINFO[0m] Attempting to extract IMSI for Phone B (R5CWA1TBCYZ)...
[90m2025-12-05 15:30:17[0m [[90mDEBUG[0m] [90mStarting IMSI extraction for device R5CWA1TBCYZ (IP:PORT=172.29.42.44:7477)[0m
[DEBUG IMSI] Starting IMSI extraction for device R5CWA1TBCYZ (IP:PORT=172.29.42.44:7477)
[90m2025-12-05 15:30:17[0m [[90mDEBUG[0m] [90mDevice notes: SPIE 3: IMS HAM 1+2: 4915900104513 &amp; 4915900104514  (UE SN: R5CWA1TBCYZ)[0m
[DEBUG IMSI] Device notes: SPIE 3: IMS HAM 1+2: 4915900104513 &amp; 4915900104514  (UE SN: R5CWA1TBCYZ)
[90m2025-12-05 15:30:17[0m [[90mDEBUG[0m] [90mAttempting ADB extraction methods for 172.29.42.44:7477[0m
[DEBUG IMSI] Attempting ADB extraction methods for 172.29.42.44:7477
[90m2025-12-05 15:30:17[0m [[90mDEBUG[0m] [90mMethod 1: Trying getprop gsm.sim.operator.imsi...[0m
[DEBUG IMSI] Method 1: Trying getprop gsm.sim.operator.imsi...
[90m2025-12-05 15:30:17[0m [[90mDEBUG[0m] [90mMethod 1 return code: 0[0m
[DEBUG IMSI] Method 1 return code: 0
[90m2025-12-05 15:30:17[0m [[90mDEBUG[0m] [90mMethod 1 failed: No valid IMSI in output[0m
[DEBUG IMSI] Method 1 failed: No valid IMSI in output
[90m2025-12-05 15:30:17[0m [[90mDEBUG[0m] [90mMethod 2: Trying service call iphonesubinfo 1...[0m
[DEBUG IMSI] Method 2: Trying service call iphonesubinfo 1...
[90m2025-12-05 15:30:17[0m [[90mDEBUG[0m] [90mMethod 2 return code: 0[0m
[DEBUG IMSI] Method 2 return code: 0
[90m2025-12-05 15:30:17[0m [[90mDEBUG[0m] [90mMethod 2 output (first 200 chars): Result: Parcel(	fffffffc ffffffff 00000000  '............')
[0m
[DEBUG IMSI] Method 2 output (first 200 chars): Result: Parcel(	fffffffc ffffffff 00000000  '............')

[90m2025-12-05 15:30:17[0m [[90mDEBUG[0m] [90mMethod 2 Strategy 1 extracted: ''[0m
[DEBUG IMSI] Method 2 Strategy 1 extracted: ''
[90m2025-12-05 15:30:17[0m [[90mDEBUG[0m] [90mMethod 2 failed: Could not parse IMSI from output[0m
[DEBUG IMSI] Method 2 failed: Could not parse IMSI from output
[90m2025-12-05 15:30:17[0m [[90mDEBUG[0m] [90mMethod 3: Trying dumpsys telephony.registry...[0m
[DEBUG IMSI] Method 3: Trying dumpsys telephony.registry...
[90m2025-12-05 15:30:17[0m [[90mDEBUG[0m] [90mMethod 3 return code: 0[0m
[DEBUG IMSI] Method 3 return code: 0
[90m2025-12-05 15:30:17[0m [[90mDEBUG[0m] [90mMethod 3 output length: 268250 chars[0m
[DEBUG IMSI] Method 3 output length: 268250 chars
[90m2025-12-05 15:30:17[0m [[90mDEBUG[0m] [90mMethod 3 failed: No IMSI pattern found in dumpsys output[0m
[DEBUG IMSI] Method 3 failed: No IMSI pattern found in dumpsys output
[90m2025-12-05 15:30:17[0m [[90mDEBUG[0m] [90mMethod 4: Trying dumpsys iphonesubinfo...[0m
[DEBUG IMSI] Method 4: Trying dumpsys iphonesubinfo...
[90m2025-12-05 15:30:17[0m [[90mDEBUG[0m] [90mMethod 4 return code: 0[0m
[DEBUG IMSI] Method 4 return code: 0
[90m2025-12-05 15:30:17[0m [[90mDEBUG[0m] [90mMethod 4 output (first 500 chars): [0m
[DEBUG IMSI] Method 4 output (first 500 chars): 
[90m2025-12-05 15:30:17[0m [[90mDEBUG[0m] [90mMethod 4 failed: No IMSI found[0m
[DEBUG IMSI] Method 4 failed: No IMSI found
[90m2025-12-05 15:30:17[0m [[90mDEBUG[0m] [90mMethod 5: Trying content query...[0m
[DEBUG IMSI] Method 5: Trying content query...
[90m2025-12-05 15:30:19[0m [[90mDEBUG[0m] [90mMethod 5 return code: 0[0m
[DEBUG IMSI] Method 5 return code: 0
[90m2025-12-05 15:30:19[0m [[90mDEBUG[0m] [90mMethod 5 output: Error while accessing provider:telephony
java.lang.SecurityException: Access SIMINFO table from not phone/system UID
	at android.os.Parcel.createExceptionOrNull(Parcel.java:3257)
	at android.os.Parcel.createException(Parcel.java:3241)
	at android.os.Parcel.readException(Parcel.java:3224)
	at android[0m
[DEBUG IMSI] Method 5 output: Error while accessing provider:telephony
java.lang.SecurityException: Access SIMINFO table from not phone/system UID
	at android.os.Parcel.createExceptionOrNull(Parcel.java:3257)
	at android.os.Parcel.createException(Parcel.java:3241)
	at android.os.Parcel.readException(Parcel.java:3224)
	at android
[90m2025-12-05 15:30:19[0m [[90mDEBUG[0m] [90mMethod 5 failed: No IMSI in content query output[0m
[DEBUG IMSI] Method 5 failed: No IMSI in content query output
[90m2025-12-05 15:30:19[0m [[90mDEBUG[0m] [90m❌ All IMSI extraction methods failed for device R5CWA1TBCYZ[0m
[DEBUG IMSI] ❌ All IMSI extraction methods failed for device R5CWA1TBCYZ
⚠ Phone B IMSI could not be extracted via ADB
[97m2025-12-05 15:30:19[0m [[93mWARNING[0m] [33m⚠ Phone B IMSI could not be extracted via ADB[0m
  Check debug logs above for detailed extraction attempts
[97m2025-12-05 15:30:19[0m [[93mWARNING[0m] [33m  Check debug logs above for detailed extraction attempts[0m

============================================================
[97m2025-12-05 15:30:19[0m [[96mINFO[0m] 
============================================================
STEP 3: Switching Phone A (4915781993213) to 2G...
[97m2025-12-05 15:30:19[0m [[96mINFO[0m] STEP 3: Switching Phone A (4915781993213) to 2G...
============================================================
[97m2025-12-05 15:30:19[0m [[96mINFO[0m] ============================================================
[97m2025-12-05 15:30:19[0m [[96mINFO[0m] Setting network type to 2G (value: 1)...
[97m2025-12-05 15:30:19[0m [[96mINFO[0m] Current mode value: 1, changing to: 1
[90m2025-12-05 15:30:19[0m [[90mDEBUG[0m] [90mAttempting Method 1: settings command...[0m
[90m2025-12-05 15:30:19[0m [[90mDEBUG[0m] [90mAttempting Method 2: settings with subscription ID...[0m
[90m2025-12-05 15:30:19[0m [[90mDEBUG[0m] [90mAttempting Method 3: service call...[0m
[90m2025-12-05 15:30:19[0m [[90mDEBUG[0m] [90mAttempting Method 4: Samsung-specific service call...[0m
[90m2025-12-05 15:30:19[0m [[90mDEBUG[0m] [90m✓ Method 1 succeeded[0m
[90m2025-12-05 15:30:19[0m [[90mDEBUG[0m] [90m✓ Method 2 succeeded[0m
[90m2025-12-05 15:30:19[0m [[90mDEBUG[0m] [90m✓ Method 3 succeeded[0m
[90m2025-12-05 15:30:19[0m [[90mDEBUG[0m] [90m✓ Method 4 succeeded[0m
[97m2025-12-05 15:30:19[0m [[96mINFO[0m] ✓ Network type setting commands executed successfully
[97m2025-12-05 15:30:19[0m [[96mINFO[0m] Applying changes by toggling airplane mode...
[97m2025-12-05 15:30:19[0m [[96mINFO[0m] Airplane mode enabled, waiting 3 seconds...
[97m2025-12-05 15:30:23[0m [[96mINFO[0m] Airplane mode disabled, waiting for network to reconnect...
[97m2025-12-05 15:30:28[0m [[96mINFO[0m] Verifying network mode change...
[97m2025-12-05 15:30:28[0m [[96mINFO[0m] ✓ Network mode successfully changed and applied!
[97m2025-12-05 15:30:28[0m [[96mINFO[0m] Current network type: 2G only (GSM)
✓ Successfully switched Phone A to 2G
[97m2025-12-05 15:30:28[0m [[96mINFO[0m] ✓ Successfully switched Phone A to 2G
Waiting for network to stabilize (15 seconds)...
[97m2025-12-05 15:30:28[0m [[96mINFO[0m] Waiting for network to stabilize (15 seconds)...

============================================================
[97m2025-12-05 15:30:43[0m [[96mINFO[0m] 
============================================================
STEP 4: Phone A (4915781993213) calling Phone B (4915900104513)...
[97m2025-12-05 15:30:43[0m [[96mINFO[0m] STEP 4: Phone A (4915781993213) calling Phone B (4915900104513)...
============================================================
[97m2025-12-05 15:30:43[0m [[96mINFO[0m] ============================================================
[97m2025-12-05 15:30:43[0m [[96mINFO[0m] Initiating call from 4915781993213 to +4915900104513...
[97m2025-12-05 15:30:43[0m [[96mINFO[0m] ✓ Call initiated successfully!
[90m2025-12-05 15:30:43[0m [[90mDEBUG[0m] [90mOutput: Starting: Intent { act=android.intent.action.CALL dat=tel:xxxxxxxxxxxxxx }[0m
✓ Call initiated successfully
[97m2025-12-05 15:30:43[0m [[96mINFO[0m] ✓ Call initiated successfully

============================================================
[97m2025-12-05 15:30:43[0m [[96mINFO[0m] 
============================================================
STEP 5: Waiting for Phone B to ring...
[97m2025-12-05 15:30:43[0m [[96mINFO[0m] STEP 5: Waiting for Phone B to ring...
============================================================
[97m2025-12-05 15:30:43[0m [[96mINFO[0m] ============================================================
[90m2025-12-05 15:30:44[0m [[90mDEBUG[0m] [90mCall state for +4915900104513: IDLE[0m
[90m2025-12-05 15:30:45[0m [[90mDEBUG[0m] [90mCall state for +4915900104513: IDLE[0m
[90m2025-12-05 15:30:46[0m [[90mDEBUG[0m] [90mCall state for +4915900104513: IDLE[0m
⏳ Still waiting for ring... (3/30s)
[97m2025-12-05 15:30:46[0m [[96mINFO[0m] ⏳ Still waiting for ring... (3/30s)
[90m2025-12-05 15:30:47[0m [[90mDEBUG[0m] [90mCall state for +4915900104513: IDLE[0m
[90m2025-12-05 15:30:48[0m [[90mDEBUG[0m] [90mCall state for +4915900104513: RINGING[0m
📞 Phone B (4915900104513) is ringing! (after 5 seconds)
[97m2025-12-05 15:30:48[0m [[96mINFO[0m] 📞 Phone B (4915900104513) is ringing! (after 5 seconds)
⏳ Waiting to answer... (5.0s remaining)
[97m2025-12-05 15:30:48[0m [[96mINFO[0m] ⏳ Waiting to answer... (5.0s remaining)
[90m2025-12-05 15:30:49[0m [[90mDEBUG[0m] [90mCall state for +4915900104513: RINGING[0m
⏳ Waiting to answer... (3.9s remaining)
[97m2025-12-05 15:30:49[0m [[96mINFO[0m] ⏳ Waiting to answer... (3.9s remaining)
[90m2025-12-05 15:30:51[0m [[90mDEBUG[0m] [90mCall state for +4915900104513: RINGING[0m
⏳ Waiting to answer... (2.8s remaining)
[97m2025-12-05 15:30:51[0m [[96mINFO[0m] ⏳ Waiting to answer... (2.8s remaining)
[90m2025-12-05 15:30:52[0m [[90mDEBUG[0m] [90mCall state for +4915900104513: RINGING[0m
⏳ Waiting to answer... (1.7s remaining)
[97m2025-12-05 15:30:52[0m [[96mINFO[0m] ⏳ Waiting to answer... (1.7s remaining)
[90m2025-12-05 15:30:53[0m [[90mDEBUG[0m] [90mCall state for +4915900104513: RINGING[0m
⏳ Waiting to answer... (0.6s remaining)
[97m2025-12-05 15:30:53[0m [[96mINFO[0m] ⏳ Waiting to answer... (0.6s remaining)
[90m2025-12-05 15:30:54[0m [[90mDEBUG[0m] [90mCall state for +4915900104513: RINGING[0m

⏱️  Phone B has been ringing for 5.5 seconds
[97m2025-12-05 15:30:54[0m [[96mINFO[0m] 
⏱️  Phone B has been ringing for 5.5 seconds
Answering call on Phone B (4915900104513)...
[97m2025-12-05 15:30:54[0m [[96mINFO[0m] Answering call on Phone B (4915900104513)...
[90m2025-12-05 15:30:54[0m [[90mDEBUG[0m] [90mCall state for +4915900104513: RINGING[0m
[97m2025-12-05 15:30:54[0m [[96mINFO[0m] Answering call on +4915900104513...
[97m2025-12-05 15:30:54[0m [[96mINFO[0m] ✓ Call answered successfully on +4915900104513
[90m2025-12-05 15:30:55[0m [[90mDEBUG[0m] [90mCall state for 172.29.42.44:7477: OFFHOOK[0m
[97m2025-12-05 15:30:55[0m [[96mINFO[0m] ✓ Call is now active (state: OFFHOOK)
✓ Call answered successfully!
[97m2025-12-05 15:30:55[0m [[96mINFO[0m] ✓ Call answered successfully!

============================================================
[97m2025-12-05 15:30:55[0m [[96mINFO[0m] 
============================================================
Waiting for call to be fully connected...
[97m2025-12-05 15:30:55[0m [[96mINFO[0m] Waiting for call to be fully connected...
============================================================
[97m2025-12-05 15:30:55[0m [[96mINFO[0m] ============================================================
[90m2025-12-05 15:30:56[0m [[90mDEBUG[0m] [90mCall state for +4915781993213: OFFHOOK[0m
[90m2025-12-05 15:30:56[0m [[90mDEBUG[0m] [90mCall state for +4915900104513: OFFHOOK[0m
✓ Call is now fully connected! (OFFHOOK on both sides after 1s)
[97m2025-12-05 15:30:56[0m [[96mINFO[0m] ✓ Call is now fully connected! (OFFHOOK on both sides after 1s)

============================================================
[97m2025-12-05 15:30:56[0m [[96mINFO[0m] 
============================================================
STEP 6: Call in progress...
[97m2025-12-05 15:30:56[0m [[96mINFO[0m] STEP 6: Call in progress...
============================================================
[97m2025-12-05 15:30:56[0m [[96mINFO[0m] ============================================================
⏱️  Call timer started! Call will last 30 seconds...
[97m2025-12-05 15:30:56[0m [[96mINFO[0m] ⏱️  Call timer started! Call will last 30 seconds...
⏳ Call in progress... 30s remaining
[97m2025-12-05 15:30:56[0m [[96mINFO[0m] ⏳ Call in progress... 30s remaining
⏳ Call in progress... 25s remaining
[97m2025-12-05 15:31:01[0m [[96mINFO[0m] ⏳ Call in progress... 25s remaining
⏳ Call in progress... 20s remaining
[97m2025-12-05 15:31:06[0m [[96mINFO[0m] ⏳ Call in progress... 20s remaining
⏳ Call in progress... 15s remaining
[97m2025-12-05 15:31:11[0m [[96mINFO[0m] ⏳ Call in progress... 15s remaining
⏳ Call in progress... 10s remaining
[97m2025-12-05 15:31:16[0m [[96mINFO[0m] ⏳ Call in progress... 10s remaining
⏳ Call in progress... 5s remaining
[97m2025-12-05 15:31:21[0m [[96mINFO[0m] ⏳ Call in progress... 5s remaining

⏱️  30 seconds elapsed. Ending call...
[97m2025-12-05 15:31:26[0m [[96mINFO[0m] 
⏱️  30 seconds elapsed. Ending call...
[90m2025-12-05 15:31:26[0m [[90mDEBUG[0m] [90mCall state for +4915781993213: OFFHOOK[0m
[97m2025-12-05 15:31:26[0m [[96mINFO[0m] Ending call on +4915781993213...
[97m2025-12-05 15:31:27[0m [[96mINFO[0m] ✓ Call ended successfully on +4915781993213
[90m2025-12-05 15:31:27[0m [[90mDEBUG[0m] [90mCall state for +4915900104513: OFFHOOK[0m
[97m2025-12-05 15:31:27[0m [[96mINFO[0m] Also ending call on +4915900104513...
[97m2025-12-05 15:31:27[0m [[96mINFO[0m] ✓ Call ended on +4915900104513
[90m2025-12-05 15:31:28[0m [[90mDEBUG[0m] [90mCall state for 172.29.42.44:7413: IDLE[0m
[97m2025-12-05 15:31:28[0m [[96mINFO[0m] ✓ Phone is now idle (state: IDLE)
✓ Call ended successfully
[97m2025-12-05 15:31:28[0m [[96mINFO[0m] ✓ Call ended successfully

============================================================
[97m2025-12-05 15:31:28[0m [[96mINFO[0m] 
============================================================
================= SCENARIO COMPLETE ========================
[97m2025-12-05 15:31:28[0m [[96mINFO[0m] ================= SCENARIO COMPLETE ========================
============================================================
[97m2025-12-05 15:31:28[0m [[96mINFO[0m] ============================================================
✓ All steps completed successfully!
[97m2025-12-05 15:31:28[0m [[96mINFO[0m] ✓ All steps completed successfully!
  • Both phones connected via STF (serial-based)
[97m2025-12-05 15:31:28[0m [[96mINFO[0m]   • Both phones connected via STF (serial-based)
  • Phone A switched to 2G
[97m2025-12-05 15:31:28[0m [[96mINFO[0m]   • Phone A switched to 2G
  • Call initiated from Phone A to Phone B
[97m2025-12-05 15:31:28[0m [[96mINFO[0m]   • Call initiated from Phone A to Phone B
  • Phone B answered after 5 seconds of ringing
[97m2025-12-05 15:31:28[0m [[96mINFO[0m]   • Phone B answered after 5 seconds of ringing
  • Call lasted 30 seconds and ended
[97m2025-12-05 15:31:28[0m [[96mINFO[0m]   • Call lasted 30 seconds and ended
============================================================
[97m2025-12-05 15:31:28[0m [[96mINFO[0m] ============================================================
{'success': True, 'phone_a_msisdn': '4915781993213', 'phone_b_msisdn': '4915900104513', 'phone_a_serial': 'QV70006W1B', 'phone_b_serial': 'R5CWA1TBCYZ', 'phone_a_imsi': '004402458587775', 'phone_b_imsi': 'UNKNOWN_IMSI_B'}
[97m2025-12-05 15:31:28[0m [[96mINFO[0m] {'success': True, 'phone_a_msisdn': '4915781993213', 'phone_b_msisdn': '4915900104513', 'phone_a_serial': 'QV70006W1B', 'phone_b_serial': 'R5CWA1TBCYZ', 'phone_a_imsi': '004402458587775', 'phone_b_imsi': 'UNKNOWN_IMSI_B'}
[97m2025-12-05 15:31:28[0m [[96mINFO[0m] Disconnecting STF device QV70006W1B...
[90m2025-12-05 15:31:28[0m [[90mDEBUG[0m] [90mDisconnecting 172.29.42.44:7413 from ADB...[0m
[97m2025-12-05 15:31:28[0m [[96mINFO[0m] ✓ Device QV70006W1B disconnected
[97m2025-12-05 15:31:28[0m [[96mINFO[0m] ✓ Device QV70006W1B removed from user
[97m2025-12-05 15:31:28[0m [[96mINFO[0m] ✓ Successfully disconnected device QV70006W1B
[97m2025-12-05 15:31:28[0m [[96mINFO[0m] Disconnecting STF device R5CWA1TBCYZ...
[90m2025-12-05 15:31:28[0m [[90mDEBUG[0m] [90mDisconnecting 172.29.42.44:7477 from ADB...[0m
[97m2025-12-05 15:31:28[0m [[96mINFO[0m] ✓ Device R5CWA1TBCYZ disconnected
[97m2025-12-05 15:31:28[0m [[96mINFO[0m] ✓ Device R5CWA1TBCYZ removed from user
[97m2025-12-05 15:31:28[0m [[96mINFO[0m] ✓ Successfully disconnected device R5CWA1TBCYZ</msg>
<msg time="2025-12-05T15:31:29.002960" level="INFO">${result} = {'success': True, 'phone_a_msisdn': '4915781993213', 'phone_b_msisdn': '4915900104513', 'phone_a_serial': 'QV70006W1B', 'phone_b_serial': 'R5CWA1TBCYZ', 'phone_a_imsi': '004402458587775', 'phone_b_ims...</msg>
<var>${result}</var>
<doc>Execute the custom call scenario using auto-selected STF devices.</doc>
<status status="PASS" start="2025-12-05T15:30:09.311805" elapsed="79.691262"/>
</kw>
<kw name="Get Current Date" owner="DateTime">
<msg time="2025-12-05T15:31:29.005077" level="INFO">${END_TIME_RAW} = 2025-12-05 15:31:29.004784</msg>
<var>${END_TIME_RAW}</var>
<arg>result_format=%Y-%m-%d %H:%M:%S.%f</arg>
<doc>Returns current local or UTC time with an optional increment.</doc>
<status status="PASS" start="2025-12-05T15:31:29.004144" elapsed="0.000994"/>
</kw>
<kw name="Set Variable" owner="BuiltIn">
<msg time="2025-12-05T15:31:29.006884" level="INFO">${END_TIME_ORIGINAL} = 2025-12-05 15:31:29.004</msg>
<var>${END_TIME_ORIGINAL}</var>
<arg>${END_TIME_RAW[:23]}</arg>
<doc>Returns the given values which can then be assigned to a variables.</doc>
<status status="PASS" start="2025-12-05T15:31:29.005527" elapsed="0.001423"/>
</kw>
<kw name="Add Time To Date" owner="DateTime">
<msg time="2025-12-05T15:31:29.009812" level="INFO">${END_TIME_ROUNDED} = 2025-12-05 15:32:29</msg>
<var>${END_TIME_ROUNDED}</var>
<arg>${END_TIME_ORIGINAL}</arg>
<arg>1 minute</arg>
<arg>result_format=%Y-%m-%d %H:%M:%S</arg>
<doc>Adds time to date and returns the resulting date.</doc>
<status status="PASS" start="2025-12-05T15:31:29.007299" elapsed="0.002565"/>
</kw>
<kw name="Set Variable" owner="BuiltIn">
<msg time="2025-12-05T15:31:29.011106" level="INFO">${END_TIME} = 2025-12-05 15:32:00.000</msg>
<var>${END_TIME}</var>
<arg>${END_TIME_ROUNDED[:17]}00.000</arg>
<doc>Returns the given values which can then be assigned to a variables.</doc>
<status status="PASS" start="2025-12-05T15:31:29.010154" elapsed="0.001019"/>
</kw>
<kw name="Log To Console" owner="BuiltIn">
<arg>Test End Time (Original): ${END_TIME_ORIGINAL}</arg>
<doc>Logs the given message to the console.</doc>
<status status="PASS" start="2025-12-05T15:31:29.011487" elapsed="0.000238"/>
</kw>
<kw name="Log To Console" owner="BuiltIn">
<arg>Test End Time (Adjusted): ${END_TIME}</arg>
<doc>Logs the given message to the console.</doc>
<status status="PASS" start="2025-12-05T15:31:29.011902" elapsed="0.000191"/>
</kw>
<kw name="Log" owner="BuiltIn">
<msg time="2025-12-05T15:31:29.012415" level="INFO">Test End Time (Original): 2025-12-05 15:31:29.004</msg>
<arg>Test End Time (Original): ${END_TIME_ORIGINAL}</arg>
<doc>Logs the given message with the given level.</doc>
<status status="PASS" start="2025-12-05T15:31:29.012249" elapsed="0.000215"/>
</kw>
<kw name="Log" owner="BuiltIn">
<msg time="2025-12-05T15:31:29.012765" level="INFO">Test End Time (Adjusted): 2025-12-05 15:32:00.000</msg>
<arg>Test End Time (Adjusted): ${END_TIME}</arg>
<doc>Logs the given message with the given level.</doc>
<status status="PASS" start="2025-12-05T15:31:29.012616" elapsed="0.000197"/>
</kw>
<kw name="Set Suite Variable" owner="BuiltIn">
<msg time="2025-12-05T15:31:29.013232" level="INFO">${END_TIME} = 2025-12-05 15:32:00.000</msg>
<arg>${END_TIME}</arg>
<doc>Makes a variable available everywhere within the scope of the current suite.</doc>
<status status="PASS" start="2025-12-05T15:31:29.013011" elapsed="0.000271"/>
</kw>
<kw name="Subtract Date From Date" owner="DateTime">
<msg time="2025-12-05T15:31:29.013770" level="INFO">${DURATION} = 120.0</msg>
<var>${DURATION}</var>
<arg>${END_TIME}</arg>
<arg>${START_TIME}</arg>
<doc>Subtracts date from another date and returns time between.</doc>
<status status="PASS" start="2025-12-05T15:31:29.013444" elapsed="0.000357"/>
</kw>
<kw name="Log To Console" owner="BuiltIn">
<arg>Test Duration: ${DURATION} seconds</arg>
<doc>Logs the given message to the console.</doc>
<status status="PASS" start="2025-12-05T15:31:29.013963" elapsed="0.000201"/>
</kw>
<kw name="Log" owner="BuiltIn">
<msg time="2025-12-05T15:31:29.014705" level="INFO">Test Duration: 120.0 seconds</msg>
<arg>Test Duration: ${DURATION} seconds</arg>
<doc>Logs the given message with the given level.</doc>
<status status="PASS" start="2025-12-05T15:31:29.014473" elapsed="0.000306"/>
</kw>
<kw name="Set Suite Variable" owner="BuiltIn">
<msg time="2025-12-05T15:31:29.015309" level="INFO">${DURATION} = 120.0</msg>
<arg>${DURATION}</arg>
<doc>Makes a variable available everywhere within the scope of the current suite.</doc>
<status status="PASS" start="2025-12-05T15:31:29.015022" elapsed="0.000369"/>
</kw>
<kw name="Get From Dictionary" owner="Collections">
<msg time="2025-12-05T15:31:29.015811" level="INFO">${success} = True</msg>
<var>${success}</var>
<arg>${result}</arg>
<arg>success</arg>
<doc>Returns a value from the given ``dictionary`` based on the given ``key``.</doc>
<status status="PASS" start="2025-12-05T15:31:29.015580" elapsed="0.000266"/>
</kw>
<kw name="Set Variable If" owner="BuiltIn">
<msg time="2025-12-05T15:31:29.016206" level="INFO">${STATUS} = PASS</msg>
<var>${STATUS}</var>
<arg>${success}</arg>
<arg>PASS</arg>
<arg>FAIL</arg>
<doc>Sets variable based on the given condition.</doc>
<status status="PASS" start="2025-12-05T15:31:29.016023" elapsed="0.000213"/>
</kw>
<kw name="Log To Console" owner="BuiltIn">
<arg>\n${\n}========== CALL SCENARIO SUMMARY ==========</arg>
<doc>Logs the given message to the console.</doc>
<status status="PASS" start="2025-12-05T15:31:29.016399" elapsed="0.000266"/>
</kw>
<kw name="Log To Console" owner="BuiltIn">
<arg>Start Time: ${START_TIME}</arg>
<doc>Logs the given message to the console.</doc>
<status status="PASS" start="2025-12-05T15:31:29.016841" elapsed="0.000193"/>
</kw>
<kw name="Log To Console" owner="BuiltIn">
<arg>End Time: ${END_TIME}</arg>
<doc>Logs the given message to the console.</doc>
<status status="PASS" start="2025-12-05T15:31:29.017185" elapsed="0.000168"/>
</kw>
<kw name="Log To Console" owner="BuiltIn">
<arg>Duration: ${DURATION} seconds</arg>
<doc>Logs the given message to the console.</doc>
<status status="PASS" start="2025-12-05T15:31:29.017494" elapsed="0.000165"/>
</kw>
<kw name="Log To Console" owner="BuiltIn">
<arg>Status: ${STATUS}</arg>
<doc>Logs the given message to the console.</doc>
<status status="PASS" start="2025-12-05T15:31:29.017804" elapsed="0.000173"/>
</kw>
<kw name="Log To Console" owner="BuiltIn">
<arg>===========================================</arg>
<doc>Logs the given message to the console.</doc>
<status status="PASS" start="2025-12-05T15:31:29.018126" elapsed="0.000134"/>
</kw>
<kw name="Should Be True" owner="BuiltIn">
<arg>${success}</arg>
<arg>Custom call scenario failed</arg>
<doc>Fails if the given condition is not true.</doc>
<status status="PASS" start="2025-12-05T15:31:29.018430" elapsed="0.000278"/>
</kw>
<kw name="Run Keyword If" owner="BuiltIn">
<kw name="Collect And Process Anritsu Trace">
<kw name="Log To Console" owner="BuiltIn">
<arg>\n${\n}Starting Anritsu trace collection...</arg>
<doc>Logs the given message to the console.</doc>
<status status="PASS" start="2025-12-05T15:31:29.020569" elapsed="0.000234"/>
</kw>
<kw name="Log To Console" owner="BuiltIn">
<arg>Using adjusted times for Anritsu trace:</arg>
<doc>Logs the given message to the console.</doc>
<status status="PASS" start="2025-12-05T15:31:29.020945" elapsed="0.000136"/>
</kw>
<kw name="Log To Console" owner="BuiltIn">
<arg>- Start Time (Adjusted): ${start_time}</arg>
<doc>Logs the given message to the console.</doc>
<status status="PASS" start="2025-12-05T15:31:29.021200" elapsed="0.000169"/>
</kw>
<kw name="Log To Console" owner="BuiltIn">
<arg>- End Time (Adjusted): ${end_time}</arg>
<doc>Logs the given message to the console.</doc>
<status status="PASS" start="2025-12-05T15:31:29.021486" elapsed="0.000167"/>
</kw>
<kw name="Get From Dictionary" owner="Collections">
<msg time="2025-12-05T15:31:29.021962" level="INFO">${phone_a_msisdn} = 4915781993213</msg>
<var>${phone_a_msisdn}</var>
<arg>${result}</arg>
<arg>phone_a_msisdn</arg>
<doc>Returns a value from the given ``dictionary`` based on the given ``key``.</doc>
<status status="PASS" start="2025-12-05T15:31:29.021770" elapsed="0.000222"/>
</kw>
<kw name="Get From Dictionary" owner="Collections">
<msg time="2025-12-05T15:31:29.022381" level="INFO">${phone_b_msisdn} = 4915900104513</msg>
<var>${phone_b_msisdn}</var>
<arg>${result}</arg>
<arg>phone_b_msisdn</arg>
<doc>Returns a value from the given ``dictionary`` based on the given ``key``.</doc>
<status status="PASS" start="2025-12-05T15:31:29.022161" elapsed="0.000250"/>
</kw>
<kw name="Get From Dictionary" owner="Collections">
<msg time="2025-12-05T15:31:29.022728" level="INFO">${phone_a_serial} = QV70006W1B</msg>
<var>${phone_a_serial}</var>
<arg>${result}</arg>
<arg>phone_a_serial</arg>
<doc>Returns a value from the given ``dictionary`` based on the given ``key``.</doc>
<status status="PASS" start="2025-12-05T15:31:29.022531" elapsed="0.000231"/>
</kw>
<kw name="Get From Dictionary" owner="Collections">
<msg time="2025-12-05T15:31:29.023062" level="INFO">${phone_b_serial} = R5CWA1TBCYZ</msg>
<var>${phone_b_serial}</var>
<arg>${result}</arg>
<arg>phone_b_serial</arg>
<doc>Returns a value from the given ``dictionary`` based on the given ``key``.</doc>
<status status="PASS" start="2025-12-05T15:31:29.022881" elapsed="0.000209"/>
</kw>
<kw name="Get From Dictionary" owner="Collections">
<msg time="2025-12-05T15:31:29.023376" level="INFO">${phone_a_imsi} = 004402458587775</msg>
<var>${phone_a_imsi}</var>
<arg>${result}</arg>
<arg>phone_a_imsi</arg>
<doc>Returns a value from the given ``dictionary`` based on the given ``key``.</doc>
<status status="PASS" start="2025-12-05T15:31:29.023204" elapsed="0.000200"/>
</kw>
<kw name="Get From Dictionary" owner="Collections">
<msg time="2025-12-05T15:31:29.023689" level="INFO">${phone_b_imsi} = UNKNOWN_IMSI_B</msg>
<var>${phone_b_imsi}</var>
<arg>${result}</arg>
<arg>phone_b_imsi</arg>
<doc>Returns a value from the given ``dictionary`` based on the given ``key``.</doc>
<status status="PASS" start="2025-12-05T15:31:29.023518" elapsed="0.000199"/>
</kw>
<kw name="Format Anritsu Timestamp">
<kw name="Set Variable" owner="BuiltIn">
<msg time="2025-12-05T15:31:29.024434" level="INFO">${anritsu_timestamp} = 2025-12-05 15:30:00.000</msg>
<var>${anritsu_timestamp}</var>
<arg>${rf_timestamp}</arg>
<doc>Returns the given values which can then be assigned to a variables.</doc>
<status status="PASS" start="2025-12-05T15:31:29.024227" elapsed="0.000238"/>
</kw>
<return>
<value>${anritsu_timestamp}</value>
<status status="PASS" start="2025-12-05T15:31:29.024535" elapsed="0.000070"/>
</return>
<msg time="2025-12-05T15:31:29.024769" level="INFO">${anritsu_start} = 2025-12-05 15:30:00.000</msg>
<var>${anritsu_start}</var>
<arg>${start_time}</arg>
<doc>Convert Robot Framework timestamp to Anritsu format (YYYY-MM-DD HH:MM:SS.MSS)</doc>
<status status="PASS" start="2025-12-05T15:31:29.023905" elapsed="0.000892"/>
</kw>
<kw name="Format Anritsu Timestamp">
<kw name="Set Variable" owner="BuiltIn">
<msg time="2025-12-05T15:31:29.025467" level="INFO">${anritsu_timestamp} = 2025-12-05 15:32:00.000</msg>
<var>${anritsu_timestamp}</var>
<arg>${rf_timestamp}</arg>
<doc>Returns the given values which can then be assigned to a variables.</doc>
<status status="PASS" start="2025-12-05T15:31:29.025289" elapsed="0.000213"/>
</kw>
<return>
<value>${anritsu_timestamp}</value>
<status status="PASS" start="2025-12-05T15:31:29.025556" elapsed="0.000034"/>
</return>
<msg time="2025-12-05T15:31:29.025731" level="INFO">${anritsu_end} = 2025-12-05 15:32:00.000</msg>
<var>${anritsu_end}</var>
<arg>${end_time}</arg>
<doc>Convert Robot Framework timestamp to Anritsu format (YYYY-MM-DD HH:MM:SS.MSS)</doc>
<status status="PASS" start="2025-12-05T15:31:29.024974" elapsed="0.000784"/>
</kw>
<kw name="Log To Console" owner="BuiltIn">
<arg>Converted to Anritsu format:</arg>
<doc>Logs the given message to the console.</doc>
<status status="PASS" start="2025-12-05T15:31:29.025874" elapsed="0.000133"/>
</kw>
<kw name="Log To Console" owner="BuiltIn">
<arg>- Anritsu Start: ${anritsu_start}</arg>
<doc>Logs the given message to the console.</doc>
<status status="PASS" start="2025-12-05T15:31:29.026121" elapsed="0.000167"/>
</kw>
<kw name="Log To Console" owner="BuiltIn">
<arg>- Anritsu End: ${anritsu_end}</arg>
<doc>Logs the given message to the console.</doc>
<status status="PASS" start="2025-12-05T15:31:29.026416" elapsed="0.000167"/>
</kw>
<kw name="Log To Console" owner="BuiltIn">
<arg>Phone A: ${phone_a_msisdn} (Serial: ${phone_a_serial}, IMSI: ${phone_a_imsi})</arg>
<doc>Logs the given message to the console.</doc>
<status status="PASS" start="2025-12-05T15:31:29.026696" elapsed="0.000236"/>
</kw>
<kw name="Log To Console" owner="BuiltIn">
<arg>Phone B: ${phone_b_msisdn} (Serial: ${phone_b_serial}, IMSI: ${phone_b_imsi})</arg>
<doc>Logs the given message to the console.</doc>
<status status="PASS" start="2025-12-05T15:31:29.027055" elapsed="0.000229"/>
</kw>
<kw name="Collect Anritsu Trace">
<kw name="Log To Console" owner="BuiltIn">
<arg>\n${\n}========== ANRITSU TRACE COLLECTION ==========</arg>
<doc>Logs the given message to the console.</doc>
<status status="PASS" start="2025-12-05T15:31:29.028197" elapsed="0.000270"/>
</kw>
<kw name="Log To Console" owner="BuiltIn">
<arg>Template: ${ANRITSU_TEMPLATE}</arg>
<doc>Logs the given message to the console.</doc>
<status status="PASS" start="2025-12-05T15:31:29.028599" elapsed="0.000339"/>
</kw>
<kw name="Log To Console" owner="BuiltIn">
<arg>Time Range (with milliseconds): ${start_time} to ${end_time}</arg>
<doc>Logs the given message to the console.</doc>
<status status="PASS" start="2025-12-05T15:31:29.029079" elapsed="0.000225"/>
</kw>
<kw name="Log To Console" owner="BuiltIn">
<arg>Start Time: [${start_time}] (Length: ${start_time.__len__()})</arg>
<doc>Logs the given message to the console.</doc>
<status status="PASS" start="2025-12-05T15:31:29.029453" elapsed="0.000713"/>
</kw>
<kw name="Log To Console" owner="BuiltIn">
<arg>End Time: [${end_time}] (Length: ${end_time.__len__()})</arg>
<doc>Logs the given message to the console.</doc>
<status status="PASS" start="2025-12-05T15:31:29.030340" elapsed="0.000658"/>
</kw>
<kw name="Log To Console" owner="BuiltIn">
<arg>Expected format: YYYY-MM-DD HH:MM:SS.MSS (23 chars)</arg>
<doc>Logs the given message to the console.</doc>
<status status="PASS" start="2025-12-05T15:31:29.031161" elapsed="0.000151"/>
</kw>
<kw name="Log To Console" owner="BuiltIn">
<arg>Phone A MSISDN: ${phone_a_msisdn}</arg>
<doc>Logs the given message to the console.</doc>
<status status="PASS" start="2025-12-05T15:31:29.031438" elapsed="0.000180"/>
</kw>
<kw name="Log To Console" owner="BuiltIn">
<arg>Phone B MSISDN: ${phone_b_msisdn}</arg>
<doc>Logs the given message to the console.</doc>
<status status="PASS" start="2025-12-05T15:31:29.031737" elapsed="0.000170"/>
</kw>
<kw name="Log To Console" owner="BuiltIn">
<arg>Output Dir: ${TC_OUTPUT_DIR}</arg>
<doc>Logs the given message to the console.</doc>
<status status="PASS" start="2025-12-05T15:31:29.032027" elapsed="0.000170"/>
</kw>
<kw name="Create Directory" owner="OperatingSystem">
<msg time="2025-12-05T15:31:29.032528" level="INFO" html="true">Directory '&lt;a href="file:///DATA/bjadoui/MSS-AUTOMATION/tc_output_dir"&gt;/DATA/bjadoui/MSS-AUTOMATION/tc_output_dir&lt;/a&gt;' already exists.</msg>
<arg>${TC_OUTPUT_DIR}</arg>
<doc>Creates the specified directory.</doc>
<status status="PASS" start="2025-12-05T15:31:29.032319" elapsed="0.000273"/>
</kw>
<kw name="Create Dictionary" owner="BuiltIn">
<msg time="2025-12-05T15:31:29.033181" level="INFO">${device_1_sim} = {'sim_MSISDN': '4915781993213', 'sim_IMSI': '004402458587775', 'sim_Calling_Number': '4915781993213', 'sim_Calling_Number_0': '4915781993213'}</msg>
<var>${device_1_sim}</var>
<arg>sim_MSISDN=${phone_a_msisdn}</arg>
<arg>sim_IMSI=${phone_a_imsi}</arg>
<arg>sim_Calling_Number=${phone_a_msisdn}</arg>
<arg>sim_Calling_Number_0=${phone_a_msisdn}</arg>
<doc>Creates and returns a dictionary based on the given ``items``.</doc>
<status status="PASS" start="2025-12-05T15:31:29.032734" elapsed="0.000480"/>
</kw>
<kw name="Create Dictionary" owner="BuiltIn">
<msg time="2025-12-05T15:31:29.033948" level="INFO">${device_2_sim} = {'sim_MSISDN': '4915900104513', 'sim_IMSI': 'UNKNOWN_IMSI_B', 'sim_Calling_Number': '4915900104513', 'sim_Calling_Number_0': '4915900104513'}</msg>
<var>${device_2_sim}</var>
<arg>sim_MSISDN=${phone_b_msisdn}</arg>
<arg>sim_IMSI=${phone_b_imsi}</arg>
<arg>sim_Calling_Number=${phone_b_msisdn}</arg>
<arg>sim_Calling_Number_0=${phone_b_msisdn}</arg>
<doc>Creates and returns a dictionary based on the given ``items``.</doc>
<status status="PASS" start="2025-12-05T15:31:29.033417" elapsed="0.000573"/>
</kw>
<kw name="Create Dictionary" owner="BuiltIn">
<msg time="2025-12-05T15:31:29.034522" level="INFO">${device_1_sims} = {'sim_slot_1': {'sim_MSISDN': '4915781993213', 'sim_IMSI': '004402458587775', 'sim_Calling_Number': '4915781993213', 'sim_Calling_Number_0': '4915781993213'}}</msg>
<var>${device_1_sims}</var>
<arg>sim_slot_1=${device_1_sim}</arg>
<doc>Creates and returns a dictionary based on the given ``items``.</doc>
<status status="PASS" start="2025-12-05T15:31:29.034183" elapsed="0.000379"/>
</kw>
<kw name="Create Dictionary" owner="BuiltIn">
<msg time="2025-12-05T15:31:29.035006" level="INFO">${device_2_sims} = {'sim_slot_1': {'sim_MSISDN': '4915900104513', 'sim_IMSI': 'UNKNOWN_IMSI_B', 'sim_Calling_Number': '4915900104513', 'sim_Calling_Number_0': '4915900104513'}}</msg>
<var>${device_2_sims}</var>
<arg>sim_slot_1=${device_2_sim}</arg>
<doc>Creates and returns a dictionary based on the given ``items``.</doc>
<status status="PASS" start="2025-12-05T15:31:29.034739" elapsed="0.000300"/>
</kw>
<kw name="Create Dictionary" owner="BuiltIn">
<msg time="2025-12-05T15:31:29.035408" level="INFO">${device_1} = {'sims': {'sim_slot_1': {'sim_MSISDN': '4915781993213', 'sim_IMSI': '004402458587775', 'sim_Calling_Number': '4915781993213', 'sim_Calling_Number_0': '4915781993213'}}}</msg>
<var>${device_1}</var>
<arg>sims=${device_1_sims}</arg>
<doc>Creates and returns a dictionary based on the given ``items``.</doc>
<status status="PASS" start="2025-12-05T15:31:29.035169" elapsed="0.000268"/>
</kw>
<kw name="Create Dictionary" owner="BuiltIn">
<msg time="2025-12-05T15:31:29.035804" level="INFO">${device_2} = {'sims': {'sim_slot_1': {'sim_MSISDN': '4915900104513', 'sim_IMSI': 'UNKNOWN_IMSI_B', 'sim_Calling_Number': '4915900104513', 'sim_Calling_Number_0': '4915900104513'}}}</msg>
<var>${device_2}</var>
<arg>sims=${device_2_sims}</arg>
<doc>Creates and returns a dictionary based on the given ``items``.</doc>
<status status="PASS" start="2025-12-05T15:31:29.035563" elapsed="0.000270"/>
</kw>
<kw name="Create Dictionary" owner="BuiltIn">
<msg time="2025-12-05T15:31:29.036229" level="INFO">${devices_info} = {'device_1': {'sims': {'sim_slot_1': {'sim_MSISDN': '4915781993213', 'sim_IMSI': '004402458587775', 'sim_Calling_Number': '4915781993213', 'sim_Calling_Number_0': '4915781993213'}}}, 'device_2': {'sim...</msg>
<var>${devices_info}</var>
<arg>device_1=${device_1}</arg>
<arg>device_2=${device_2}</arg>
<doc>Creates and returns a dictionary based on the given ``items``.</doc>
<status status="PASS" start="2025-12-05T15:31:29.035954" elapsed="0.000306"/>
</kw>
<kw name="Log To Console" owner="BuiltIn">
<arg>\n[1/3] Initializing Anritsu driver...</arg>
<doc>Logs the given message to the console.</doc>
<status status="PASS" start="2025-12-05T15:31:29.036380" elapsed="0.000157"/>
</kw>
<kw name="Initialize Anritsu Driver" owner="AnritsuLib">
<msg time="2025-12-05T15:31:29.037116" level="INFO">Chrom Driver Path : /usr/local/bin/chromedriver </msg>
<msg time="2025-12-05T15:31:29.037427" level="INFO">PCAP download directory set to: /DATA/bjadoui/MSS-AUTOMATION/tc_output_dir</msg>
<msg time="2025-12-05T15:31:30.360197" level="INFO">${init_result} = True</msg>
<var>${init_result}</var>
<arg>CustomCall</arg>
<arg>${TC_OUTPUT_DIR}</arg>
<doc>Initializes the Chrome WebDriver with specified options and logs into the Anritsu web interface.</doc>
<status status="PASS" start="2025-12-05T15:31:29.036668" elapsed="1.323635"/>
</kw>
<kw name="Should Be True" owner="BuiltIn">
<arg>${init_result}</arg>
<arg>Anritsu driver initialization failed</arg>
<doc>Fails if the given condition is not true.</doc>
<status status="PASS" start="2025-12-05T15:31:30.360660" elapsed="0.000381"/>
</kw>
<kw name="Log To Console" owner="BuiltIn">
<arg>✓ Anritsu driver initialized successfully</arg>
<doc>Logs the given message to the console.</doc>
<status status="PASS" start="2025-12-05T15:31:30.361213" elapsed="0.000182"/>
</kw>
<kw name="Log To Console" owner="BuiltIn">
<arg>\n[2/3] Starting Anritsu OESearch trace...</arg>
<doc>Logs the given message to the console.</doc>
<status status="PASS" start="2025-12-05T15:31:30.361533" elapsed="0.000152"/>
</kw>
<kw name="Start Oesearch NewUi" owner="AnritsuLib">
<msg time="2025-12-05T15:31:30.362248" level="INFO">Starting OE search for subscriber</msg>
<msg time="2025-12-05T15:31:30.362330" level="INFO">Configuring template: Easy_Subscriber_Search</msg>
<msg time="2025-12-05T15:31:36.392605" level="INFO">Successfully sent keys to 'Template input field'</msg>
<msg time="2025-12-05T15:32:06.445987" level="INFO">Configuring time interval: 2025-12-05 15:30:00.000 to 2025-12-05 15:32:00.000</msg>
<msg time="2025-12-05T15:32:06.446168" level="INFO">Start time type: &lt;class 'str'&gt;, repr: '2025-12-05 15:30:00.000'</msg>
<msg time="2025-12-05T15:32:06.446264" level="INFO">End time type: &lt;class 'str'&gt;, repr: '2025-12-05 15:32:00.000'</msg>
<msg time="2025-12-05T15:32:07.168554" level="INFO">Setting field value via JavaScript: '2025-12-05 15:30:00.000' (length: 23)</msg>
<msg time="2025-12-05T15:32:07.178421" level="INFO">Verification: Field value after JS set: '2025-12-05 15:30:00.000'</msg>
<msg time="2025-12-05T15:32:07.774178" level="INFO">Successfully set time field to: 2025-12-05 15:30:00.000</msg>
<msg time="2025-12-05T15:32:08.524352" level="INFO">Setting field value via JavaScript: '2025-12-05 15:32:00.000' (length: 23)</msg>
<msg time="2025-12-05T15:32:08.535739" level="INFO">Verification: Field value after JS set: '2025-12-05 15:32:00.000'</msg>
<msg time="2025-12-05T15:32:09.128446" level="INFO">Successfully set time field to: 2025-12-05 15:32:00.000</msg>
<msg time="2025-12-05T15:32:09.128685" level="INFO">Configuring standard filters (MSISDN, Calling/Called numbers, IMSI)</msg>
<msg time="2025-12-05T15:32:19.141797" level="INFO">Populating MSISDN fields for both devices</msg>
<msg time="2025-12-05T15:32:20.360597" level="INFO">Successfully sent keys to 'MSISDN field'</msg>
<msg time="2025-12-05T15:32:21.536594" level="INFO">Successfully sent keys to 'MSISDN field'</msg>
<msg time="2025-12-05T15:32:21.536693" level="INFO">Populating calling number fields</msg>
<msg time="2025-12-05T15:32:22.741020" level="INFO">Successfully sent keys to 'Calling number field'</msg>
<msg time="2025-12-05T15:32:23.912126" level="INFO">Successfully sent keys to 'Calling number field'</msg>
<msg time="2025-12-05T15:32:23.912235" level="INFO">Populating called number fields</msg>
<msg time="2025-12-05T15:32:25.115764" level="INFO">Successfully sent keys to 'Called number field'</msg>
<msg time="2025-12-05T15:32:26.270915" level="INFO">Successfully sent keys to 'Called number field'</msg>
<msg time="2025-12-05T15:32:26.271029" level="INFO">Populating IMSI fields</msg>
<msg time="2025-12-05T15:32:26.271084" level="INFO">Sending Device 1 IMSI: 004402458587775</msg>
<msg time="2025-12-05T15:32:27.383906" level="INFO">Successfully sent keys to 'IMSI field'</msg>
<msg time="2025-12-05T15:32:27.384029" level="INFO">Skipping Device 2 IMSI (value: UNKNOWN_IMSI_B)</msg>
<msg time="2025-12-05T15:32:27.384104" level="INFO">Executing OE search</msg>
<msg time="2025-12-05T15:32:31.551494" level="INFO">OE search initiated successfully</msg>
<msg time="2025-12-05T15:32:31.551709" level="INFO">${oesearch_result} = True</msg>
<var>${oesearch_result}</var>
<arg>${Oesearch_NewUi}</arg>
<arg>${start_time}</arg>
<arg>${end_time}</arg>
<arg>${devices_info}</arg>
<arg>${ANRITSU_TEMPLATE}</arg>
<arg>${FALSE}</arg>
<doc>Initiates an OE search for a subscriber using the new UI interface.</doc>
<status status="PASS" start="2025-12-05T15:31:30.361822" elapsed="61.189922"/>
</kw>
<kw name="Should Be True" owner="BuiltIn">
<arg>${oesearch_result}</arg>
<arg>OESearch trace initiation failed</arg>
<doc>Fails if the given condition is not true.</doc>
<status status="PASS" start="2025-12-05T15:32:31.552017" elapsed="0.000286"/>
</kw>
<kw name="Log To Console" owner="BuiltIn">
<arg>✓ Anritsu trace initiated successfully</arg>
<doc>Logs the given message to the console.</doc>
<status status="PASS" start="2025-12-05T15:32:31.552455" elapsed="0.000171"/>
</kw>
<kw name="Log To Console" owner="BuiltIn">
<arg>\n[3/3] Waiting for trace to complete and downloading PCAP...</arg>
<doc>Logs the given message to the console.</doc>
<status status="PASS" start="2025-12-05T15:32:31.552754" elapsed="0.000156"/>
</kw>
<kw name="Log To Console" owner="BuiltIn">
<arg>This may take several minutes...</arg>
<doc>Logs the given message to the console.</doc>
<status status="PASS" start="2025-12-05T15:32:31.553029" elapsed="0.000128"/>
</kw>
<kw name="Download Oesearch Pcap NewUi" owner="AnritsuLib">
<msg time="2025-12-05T15:32:31.553463" level="INFO">Waiting for Oesearch trace to complete...</msg>
<msg time="2025-12-05T15:32:31.553521" level="INFO">Checking for Export button - Attempt 1/40</msg>
<msg time="2025-12-05T15:32:42.340351" level="INFO">Trace not complete yet, refreshing page...</msg>
<msg time="2025-12-05T15:32:52.458498" level="INFO">Checking for Export button - Attempt 2/40</msg>
<msg time="2025-12-05T15:33:02.474431" level="INFO">Trace not complete yet, refreshing page...</msg>
<msg time="2025-12-05T15:33:12.570416" level="INFO">Checking for Export button - Attempt 3/40</msg>
<msg time="2025-12-05T15:33:22.615524" level="INFO">Trace not complete yet, refreshing page...</msg>
<msg time="2025-12-05T15:33:32.714522" level="INFO">Checking for Export button - Attempt 4/40</msg>
<msg time="2025-12-05T15:33:42.727282" level="INFO">Trace not complete yet, refreshing page...</msg>
<msg time="2025-12-05T15:33:52.826437" level="INFO">Checking for Export button - Attempt 5/40</msg>
<msg time="2025-12-05T15:34:02.874250" level="INFO">Trace not complete yet, refreshing page...</msg>
<msg time="2025-12-05T15:34:12.966670" level="INFO">Checking for Export button - Attempt 6/40</msg>
<msg time="2025-12-05T15:34:23.005533" level="INFO">Trace not complete yet, refreshing page...</msg>
<msg time="2025-12-05T15:34:33.102472" level="INFO">Checking for Export button - Attempt 7/40</msg>
<msg time="2025-12-05T15:34:43.140385" level="INFO">Trace not complete yet, refreshing page...</msg>
<msg time="2025-12-05T15:34:53.265626" level="INFO">Checking for Export button - Attempt 8/40</msg>
<msg time="2025-12-05T15:35:03.308869" level="INFO">Trace not complete yet, refreshing page...</msg>
<msg time="2025-12-05T15:35:13.402476" level="INFO">Checking for Export button - Attempt 9/40</msg>
<msg time="2025-12-05T15:35:23.436236" level="INFO">Trace not complete yet, refreshing page...</msg>
<msg time="2025-12-05T15:35:33.534439" level="INFO">Checking for Export button - Attempt 10/40</msg>
<msg time="2025-12-05T15:35:43.562413" level="INFO">Trace not complete yet, refreshing page...</msg>
<msg time="2025-12-05T15:35:53.662477" level="INFO">Checking for Export button - Attempt 11/40</msg>
<msg time="2025-12-05T15:36:03.676888" level="INFO">Trace not complete yet, refreshing page...</msg>
<msg time="2025-12-05T15:36:13.770450" level="INFO">Checking for Export button - Attempt 12/40</msg>
<msg time="2025-12-05T15:36:14.027620" level="INFO">Oesearch trace completed after 60 seconds</msg>
<msg time="2025-12-05T15:36:40.470231" level="INFO">.pcap file downloaded successfully to path: /DATA/bjadoui/MSS-AUTOMATION/tc_output_dir</msg>
<msg time="2025-12-05T15:36:50.540679" level="INFO">${download_result} = True</msg>
<var>${download_result}</var>
<arg>${Oesearch_pcap_download_NewUi}</arg>
<doc>Downloads PCAP file from OESearch UI.
Refreshes page periodically until trace is complete.</doc>
<status status="PASS" start="2025-12-05T15:32:31.553278" elapsed="258.987505"/>
</kw>
<kw name="Should Be True" owner="BuiltIn">
<arg>${download_result}</arg>
<arg>PCAP download failed</arg>
<doc>Fails if the given condition is not true.</doc>
<status status="PASS" start="2025-12-05T15:36:50.541153" elapsed="0.000430"/>
</kw>
<kw name="Log To Console" owner="BuiltIn">
<arg>✓ PCAP downloaded successfully</arg>
<doc>Logs the given message to the console.</doc>
<status status="PASS" start="2025-12-05T15:36:50.541812" elapsed="0.000253"/>
</kw>
<kw name="Get Pcap Path" owner="AnritsuLib">
<msg time="2025-12-05T15:36:50.542861" level="INFO">${pcap_path} = /DATA/bjadoui/MSS-AUTOMATION/tc_output_dir/Easy_Subscriber_Search-20251205-153617-061.pcap</msg>
<var>${pcap_path}</var>
<arg>${ANRITSU_TEMPLATE}</arg>
<status status="PASS" start="2025-12-05T15:36:50.542257" elapsed="0.000650"/>
</kw>
<kw name="Log To Console" owner="BuiltIn">
<arg>PCAP file location: ${pcap_path}</arg>
<doc>Logs the given message to the console.</doc>
<status status="PASS" start="2025-12-05T15:36:50.543097" elapsed="0.000257"/>
</kw>
<kw name="Log" owner="BuiltIn">
<msg time="2025-12-05T15:36:50.543750" level="INFO">PCAP file downloaded to: /DATA/bjadoui/MSS-AUTOMATION/tc_output_dir/Easy_Subscriber_Search-20251205-153617-061.pcap</msg>
<arg>PCAP file downloaded to: ${pcap_path}</arg>
<doc>Logs the given message with the given level.</doc>
<status status="PASS" start="2025-12-05T15:36:50.543535" elapsed="0.000277"/>
</kw>
<kw name="Log To Console" owner="BuiltIn">
<arg>=============================================</arg>
<doc>Logs the given message to the console.</doc>
<status status="PASS" start="2025-12-05T15:36:50.543977" elapsed="0.000183"/>
</kw>
<return>
<value>${pcap_path}</value>
<status status="PASS" start="2025-12-05T15:36:50.544246" elapsed="0.000080"/>
</return>
<msg time="2025-12-05T15:36:50.544578" level="INFO">${pcap_path} = /DATA/bjadoui/MSS-AUTOMATION/tc_output_dir/Easy_Subscriber_Search-20251205-153617-061.pcap</msg>
<var>${pcap_path}</var>
<arg>${anritsu_start}</arg>
<arg>${anritsu_end}</arg>
<arg>${phone_a_msisdn}</arg>
<arg>${phone_b_msisdn}</arg>
<arg>${phone_a_imsi}</arg>
<arg>${phone_b_imsi}</arg>
<doc>Initialize Anritsu driver and collect PCAP trace for the call session</doc>
<status status="PASS" start="2025-12-05T15:31:29.027642" elapsed="321.516995"/>
</kw>
<kw name="Log To Console" owner="BuiltIn">
<arg>Anritsu trace collection completed</arg>
<doc>Logs the given message to the console.</doc>
<status status="PASS" start="2025-12-05T15:36:50.544885" elapsed="0.000201"/>
</kw>
<kw name="Log" owner="BuiltIn">
<msg time="2025-12-05T15:36:50.545499" level="INFO">PCAP file saved to: /DATA/bjadoui/MSS-AUTOMATION/tc_output_dir/Easy_Subscriber_Search-20251205-153617-061.pcap</msg>
<arg>PCAP file saved to: ${pcap_path}</arg>
<doc>Logs the given message with the given level.</doc>
<status status="PASS" start="2025-12-05T15:36:50.545277" elapsed="0.000295"/>
</kw>
<return>
<value>${pcap_path}</value>
<status status="PASS" start="2025-12-05T15:36:50.545650" elapsed="0.000050"/>
</return>
<arg>${result}</arg>
<arg>${START_TIME}</arg>
<arg>${END_TIME}</arg>
<doc>Extract device info and collect Anritsu trace</doc>
<status status="PASS" start="2025-12-05T15:31:29.019926" elapsed="321.525947"/>
</kw>
<arg>${TRACE_ENABLED} and ${success}</arg>
<arg>Collect And Process Anritsu Trace</arg>
<arg>${result}</arg>
<arg>${START_TIME}</arg>
<arg>${END_TIME}</arg>
<doc>Runs the given keyword with the given arguments, if ``condition`` is true.</doc>
<status status="PASS" start="2025-12-05T15:31:29.018946" elapsed="321.527029"/>
</kw>
<kw name="Set Variable If" owner="BuiltIn">
<msg time="2025-12-05T15:36:50.546612" level="INFO">${TRACE_STATUS} = ENABLED</msg>
<var>${TRACE_STATUS}</var>
<arg>${TRACE_ENABLED}</arg>
<arg>ENABLED</arg>
<arg>DISABLED</arg>
<doc>Sets variable based on the given condition.</doc>
<status status="PASS" start="2025-12-05T15:36:50.546293" elapsed="0.000365"/>
</kw>
<kw name="Log To Console" owner="BuiltIn">
<arg>\n${\n}========== FINAL TEST SUMMARY ==========</arg>
<doc>Logs the given message to the console.</doc>
<status status="PASS" start="2025-12-05T15:36:50.546951" elapsed="0.000441"/>
</kw>
<kw name="Log To Console" owner="BuiltIn">
<arg>Call Status: ${STATUS}</arg>
<doc>Logs the given message to the console.</doc>
<status status="PASS" start="2025-12-05T15:36:50.547750" elapsed="0.000327"/>
</kw>
<kw name="Log To Console" owner="BuiltIn">
<arg>Trace Collection: ${TRACE_STATUS}</arg>
<doc>Logs the given message to the console.</doc>
<status status="PASS" start="2025-12-05T15:36:50.548324" elapsed="0.000291"/>
</kw>
<kw name="Log To Console" owner="BuiltIn">
<arg>Total Duration: ${DURATION} seconds</arg>
<doc>Logs the given message to the console.</doc>
<status status="PASS" start="2025-12-05T15:36:50.548841" elapsed="0.000275"/>
</kw>
<kw name="Log To Console" owner="BuiltIn">
<arg>========================================</arg>
<doc>Logs the given message to the console.</doc>
<status status="PASS" start="2025-12-05T15:36:50.549354" elapsed="0.000218"/>
</kw>
<doc>Execute automated call scenario with two auto-selected STF devices
Directly calls the Python run_custom_scenario() function.</doc>
<tag>2G</tag>
<tag>call-test</tag>
<tag>phone-automation</tag>
<tag>stf</tag>
<status status="PASS" start="2025-12-05T15:30:09.306091" elapsed="401.243789"/>
</test>
<doc>Custom Call Automation Test Suite
Automated phone call scenario using STF devices:
1. Auto-select two available STF devices
2. Connect both via STF (serial → IP:PORT)
3. Switch Phone A to 2G
4. Phone A calls Phone B
5. Phone B answers after 5 seconds of ringing
6. Call lasts 30 seconds and ends
7. Collect Anritsu trace (PCAP)

This test simply calls the Python function from custom_call.py
which contains all the scenario logic.</doc>
<status status="PASS" start="2025-12-05T15:30:09.168640" elapsed="401.382041"/>
</suite>
<status status="PASS" start="2025-12-05T15:30:09.167606" elapsed="401.384972"/>
</suite>
<status status="PASS" start="2025-12-05T15:30:09.146887" elapsed="401.406579"/>
</suite>
<statistics>
<total>
<stat pass="1" fail="0" skip="0">All Tests</stat>
</total>
<tag>
<stat pass="1" fail="0" skip="0">2G</stat>
<stat pass="1" fail="0" skip="0">call-test</stat>
<stat pass="1" fail="0" skip="0">phone-automation</stat>
<stat pass="1" fail="0" skip="0">stf</stat>
</tag>
<suite>
<stat name="MSS-AUTOMATION" id="s1" pass="1" fail="0" skip="0">MSS-AUTOMATION</stat>
<stat name="Tests" id="s1-s1" pass="1" fail="0" skip="0">MSS-AUTOMATION.Tests</stat>
<stat name="CustomCall" id="s1-s1-s1" pass="1" fail="0" skip="0">MSS-AUTOMATION.Tests.CustomCall</stat>
</suite>
</statistics>
<errors>
<msg time="2025-12-05T15:30:19.156492" level="WARN">⚠ Phone B IMSI could not be extracted via ADB</msg>
<msg time="2025-12-05T15:30:19.156818" level="WARN">  Check debug logs above for detailed extraction attempts</msg>
</errors>
</robot>
