<?xml version="1.0" encoding="UTF-8"?>
<robot generator="Robot 7.3.2 (Python 3.8.10 on linux)" generated="2025-12-04T17:13:13.078804" rpa="false" schemaversion="5">
<suite id="s1" name="MSS-AUTOMATION" source="/DATA/bjadoui/MSS-AUTOMATION">
<suite id="s1-s1" name="Tests" source="/DATA/bjadoui/MSS-AUTOMATION/tests">
<suite id="s1-s1-s1" name="CustomCall" source="/DATA/bjadoui/MSS-AUTOMATION/tests/CustomCall.robot">
<test id="s1-s1-s1-t1" name="Custom Call Scenario - Two STF Devices" line="18">
<kw name="Run Custom Scenario" owner="custom_call">
<msg time="2025-12-04T17:13:13.168549" level="INFO">============================================================</msg>
<msg time="2025-12-04T17:13:13.168732" level="INFO">=============== CUSTOM CALL SCENARIO =======================</msg>
<msg time="2025-12-04T17:13:13.168864" level="INFO">============================================================</msg>
<msg time="2025-12-04T17:13:13.168986" level="INFO">Scenario Steps:</msg>
<msg time="2025-12-04T17:13:13.169103" level="INFO">  1. Restart ADB server</msg>
<msg time="2025-12-04T17:13:13.169223" level="INFO">  2. Auto-select two available STF devices</msg>
<msg time="2025-12-04T17:13:13.169346" level="INFO">  3. Connect both via STF (serial → IP:PORT)</msg>
<msg time="2025-12-04T17:13:13.169470" level="INFO">  4. Switch Phone A to 2G</msg>
<msg time="2025-12-04T17:13:13.169580" level="INFO">  5. Phone A calls Phone B</msg>
<msg time="2025-12-04T17:13:13.169695" level="INFO">  6. Phone B answers after 5 seconds of ringing</msg>
<msg time="2025-12-04T17:13:13.169809" level="INFO">  7. Call lasts 30 seconds then ends</msg>
<msg time="2025-12-04T17:13:13.169923" level="INFO">============================================================</msg>
<msg time="2025-12-04T17:13:13.191635" level="INFO">Total devices in STF: 23</msg>
<msg time="2025-12-04T17:13:13.191828" level="INFO">✓ Device QV70006W1B (H8216) is available</msg>
<msg time="2025-12-04T17:13:13.194511" level="INFO">✓ Device R5CWA1TBD9Y (SM-A546B) is available</msg>
<msg time="2025-12-04T17:13:13.194663" level="INFO">✓ Device RZCX20HCFEF (SM-A546B) is available</msg>
<msg time="2025-12-04T17:13:13.194858" level="INFO">Selected STF devices:</msg>
<msg time="2025-12-04T17:13:13.194934" level="INFO">  Phone A: QV70006W1B - H8216 (OS 8.0.0)</msg>
<msg time="2025-12-04T17:13:13.195007" level="INFO">  Phone B: R5CWA1TBD9Y - SM-A546B (OS 15)</msg>
<msg time="2025-12-04T17:13:13.195129" level="INFO">
============================================================</msg>
<msg time="2025-12-04T17:13:13.195207" level="INFO">STEP 0: Determining MSISDNs for the devices...</msg>
<msg time="2025-12-04T17:13:13.195282" level="INFO">============================================================</msg>
<msg time="2025-12-04T17:13:13.195487" level="INFO">Using MSISDN for Phone A: +4915781993213</msg>
<msg time="2025-12-04T17:13:13.195572" level="INFO">Using MSISDN for Phone B: +4915900103141</msg>
<msg time="2025-12-04T17:13:13.195662" level="INFO">✓ STF Manager initialized</msg>
<msg time="2025-12-04T17:13:13.195755" level="INFO">
============================================================</msg>
<msg time="2025-12-04T17:13:13.195836" level="INFO">STEP 0: Connecting selected STF devices via serial...</msg>
<msg time="2025-12-04T17:13:13.195911" level="INFO">============================================================</msg>
<msg time="2025-12-04T17:13:13.195986" level="INFO">Verifying Phone A (QV70006W1B) availability...</msg>
<msg time="2025-12-04T17:13:13.208190" level="INFO">Connecting to STF device QV70006W1B...</msg>
<msg time="2025-12-04T17:13:13.227493" level="INFO">✓ Device QV70006W1B added to user</msg>
<msg time="2025-12-04T17:13:13.237468" level="INFO">✓ Remote connect URL for QV70006W1B: 172.29.42.44:7497</msg>
<msg time="2025-12-04T17:13:13.249904" level="INFO">✓ Successfully connected to device QV70006W1B at 172.29.42.44:7497</msg>
<msg time="2025-12-04T17:13:13.250081" level="INFO">Verifying Phone B (R5CWA1TBD9Y) availability...</msg>
<msg time="2025-12-04T17:13:13.260094" level="INFO">Connecting to STF device R5CWA1TBD9Y...</msg>
<msg time="2025-12-04T17:13:13.278656" level="INFO">✓ Device R5CWA1TBD9Y added to user</msg>
<msg time="2025-12-04T17:13:13.293420" level="INFO">✓ Remote connect URL for R5CWA1TBD9Y: 172.29.42.44:7433</msg>
<msg time="2025-12-04T17:13:13.305980" level="INFO">✓ Successfully connected to device R5CWA1TBD9Y at 172.29.42.44:7433</msg>
<msg time="2025-12-04T17:13:13.306181" level="INFO">Phone A ADB target: 172.29.42.44:7497</msg>
<msg time="2025-12-04T17:13:13.306281" level="INFO">Phone B ADB target: 172.29.42.44:7433</msg>
<msg time="2025-12-04T17:13:13.306393" level="INFO">Phone A: +4915781993213 @ 172.29.42.44:7497 (serial QV70006W1B)</msg>
<msg time="2025-12-04T17:13:13.306488" level="INFO">Phone B: +4915900103141 @ 172.29.42.44:7433 (serial R5CWA1TBD9Y)</msg>
<msg time="2025-12-04T17:13:13.306584" level="INFO">
============================================================</msg>
<msg time="2025-12-04T17:13:13.306678" level="INFO">STEP 1: Restarting ADB server...</msg>
<msg time="2025-12-04T17:13:13.306772" level="INFO">============================================================</msg>
<msg time="2025-12-04T17:13:13.306870" level="INFO">Killing ADB server...</msg>
<msg time="2025-12-04T17:13:13.310719" level="INFO">✓ ADB server killed successfully</msg>
<msg time="2025-12-04T17:13:14.312160" level="INFO">Starting ADB server...</msg>
<msg time="2025-12-04T17:13:17.318052" level="INFO">✓ ADB server started successfully</msg>
<msg time="2025-12-04T17:13:17.318278" level="INFO">Note: You may need to authorize the connection on your device(s)</msg>
<msg time="2025-12-04T17:13:17.318388" level="INFO">✓ ADB server restarted successfully</msg>
<msg time="2025-12-04T17:13:19.320494" level="INFO">
============================================================</msg>
<msg time="2025-12-04T17:13:19.320630" level="INFO">STEP 2: Connecting to both phones (via ADB)...</msg>
<msg time="2025-12-04T17:13:19.320713" level="INFO">============================================================</msg>
<msg time="2025-12-04T17:13:19.320789" level="INFO">Connecting to Phone A (+4915781993213)...</msg>
<msg time="2025-12-04T17:13:19.320872" level="INFO">Connecting to device at 172.29.42.44:7497...</msg>
<msg time="2025-12-04T17:13:19.325287" level="INFO">✓ Successfully connected to 172.29.42.44:7497</msg>
<msg time="2025-12-04T17:13:19.325576" level="INFO">Connecting to Phone B (+4915900103141)...</msg>
<msg time="2025-12-04T17:13:19.325660" level="INFO">Connecting to device at 172.29.42.44:7433...</msg>
<msg time="2025-12-04T17:13:19.330714" level="INFO">✓ Successfully connected to 172.29.42.44:7433</msg>
<msg time="2025-12-04T17:13:19.331019" level="INFO">✓ Both phones connected successfully</msg>
<msg time="2025-12-04T17:13:21.331970" level="INFO">
============================================================</msg>
<msg time="2025-12-04T17:13:21.332166" level="INFO">STEP 3: Switching Phone A (+4915781993213) to 2G...</msg>
<msg time="2025-12-04T17:13:21.332256" level="INFO">============================================================</msg>
<msg time="2025-12-04T17:13:21.332349" level="INFO">Setting network type to 2G (value: 1)...</msg>
<msg time="2025-12-04T17:13:21.432462" level="INFO">Current mode value: 1, changing to: 1</msg>
<msg time="2025-12-04T17:13:21.739115" level="INFO">✓ Network type setting commands executed successfully</msg>
<msg time="2025-12-04T17:13:21.739261" level="INFO">Applying changes by toggling airplane mode...</msg>
<msg time="2025-12-04T17:13:21.939953" level="INFO">Airplane mode enabled, waiting 3 seconds...</msg>
<msg time="2025-12-04T17:13:25.182098" level="INFO">Airplane mode disabled, waiting for network to reconnect...</msg>
<msg time="2025-12-04T17:13:30.186482" level="INFO">Verifying network mode change...</msg>
<msg time="2025-12-04T17:13:30.286267" level="INFO">✓ Network mode successfully changed and applied!</msg>
<msg time="2025-12-04T17:13:30.367193" level="INFO">Current network type: 2G only (GSM)</msg>
<msg time="2025-12-04T17:13:30.367451" level="INFO">✓ Successfully switched Phone A to 2G</msg>
<msg time="2025-12-04T17:13:30.367598" level="INFO">Waiting for network to stabilize...</msg>
<msg time="2025-12-04T17:13:33.370516" level="INFO">
============================================================</msg>
<msg time="2025-12-04T17:13:33.370657" level="INFO">STEP 4: Phone A (+4915781993213) calling Phone B (+4915900103141)...</msg>
<msg time="2025-12-04T17:13:33.370739" level="INFO">============================================================</msg>
<msg time="2025-12-04T17:13:33.370822" level="INFO">Initiating call from +4915781993213 to +4915900103141...</msg>
<msg time="2025-12-04T17:13:33.475503" level="INFO">✓ Call initiated successfully!</msg>
<msg time="2025-12-04T17:13:33.475810" level="INFO">✓ Call initiated successfully</msg>
<msg time="2025-12-04T17:13:33.475895" level="INFO">
============================================================</msg>
<msg time="2025-12-04T17:13:33.475971" level="INFO">STEP 5: Waiting for Phone B to ring...</msg>
<msg time="2025-12-04T17:13:33.476048" level="INFO">============================================================</msg>
<msg time="2025-12-04T17:13:36.829275" level="INFO">⏳ Still waiting for ring... (3/30s)</msg>
<msg time="2025-12-04T17:13:40.153370" level="INFO">⏳ Still waiting for ring... (6/30s)</msg>
<msg time="2025-12-04T17:13:41.288464" level="INFO">📞 Phone B (+4915900103141) is ringing! (after 7 seconds)</msg>
<msg time="2025-12-04T17:13:41.288651" level="INFO">⏳ Waiting to answer... (5.0s remaining)</msg>
<msg time="2025-12-04T17:13:42.385937" level="INFO">⏳ Waiting to answer... (3.9s remaining)</msg>
<msg time="2025-12-04T17:13:43.468418" level="INFO">⏳ Waiting to answer... (2.8s remaining)</msg>
<msg time="2025-12-04T17:13:44.572548" level="INFO">⏳ Waiting to answer... (1.7s remaining)</msg>
<msg time="2025-12-04T17:13:45.666792" level="INFO">⏳ Waiting to answer... (0.6s remaining)</msg>
<msg time="2025-12-04T17:13:46.766855" level="INFO">
⏱️  Phone B has been ringing for 5.5 seconds</msg>
<msg time="2025-12-04T17:13:46.767018" level="INFO">Answering call on Phone B (+4915900103141)...</msg>
<msg time="2025-12-04T17:13:46.856589" level="INFO">Answering call on +4915900103141...</msg>
<msg time="2025-12-04T17:13:46.933779" level="INFO">✓ Call answered successfully on +4915900103141</msg>
<msg time="2025-12-04T17:13:48.014145" level="INFO">✓ Call is now active (state: OFFHOOK)</msg>
<msg time="2025-12-04T17:13:48.014434" level="INFO">✓ Call answered successfully!</msg>
<msg time="2025-12-04T17:13:48.014572" level="INFO">
============================================================</msg>
<msg time="2025-12-04T17:13:48.014696" level="INFO">Waiting for call to be fully connected...</msg>
<msg time="2025-12-04T17:13:48.014821" level="INFO">============================================================</msg>
<msg time="2025-12-04T17:13:49.186688" level="INFO">✓ Call is now fully connected! (OFFHOOK on both sides after 1s)</msg>
<msg time="2025-12-04T17:13:49.186853" level="INFO">
============================================================</msg>
<msg time="2025-12-04T17:13:49.186941" level="INFO">STEP 6: Call in progress...</msg>
<msg time="2025-12-04T17:13:49.187017" level="INFO">============================================================</msg>
<msg time="2025-12-04T17:13:49.187097" level="INFO">⏱️  Call timer started! Call will last 30 seconds...</msg>
<msg time="2025-12-04T17:13:49.187182" level="INFO">⏳ Call in progress... 30s remaining</msg>
<msg time="2025-12-04T17:13:54.190788" level="INFO">⏳ Call in progress... 25s remaining</msg>
<msg time="2025-12-04T17:13:59.194776" level="INFO">⏳ Call in progress... 20s remaining</msg>
<msg time="2025-12-04T17:14:04.198521" level="INFO">⏳ Call in progress... 15s remaining</msg>
<msg time="2025-12-04T17:14:09.202488" level="INFO">⏳ Call in progress... 10s remaining</msg>
<msg time="2025-12-04T17:14:14.206546" level="INFO">⏳ Call in progress... 5s remaining</msg>
<msg time="2025-12-04T17:14:19.210532" level="INFO">
⏱️  30 seconds elapsed. Ending call...</msg>
<msg time="2025-12-04T17:14:19.295637" level="INFO">Ending call on +4915781993213...</msg>
<msg time="2025-12-04T17:14:19.651923" level="INFO">✓ Call ended successfully on +4915781993213</msg>
<msg time="2025-12-04T17:14:19.761244" level="INFO">Also ending call on +4915900103141...</msg>
<msg time="2025-12-04T17:14:19.845373" level="INFO">✓ Call ended on +4915900103141</msg>
<msg time="2025-12-04T17:14:20.897892" level="INFO">✓ Phone is now idle (state: IDLE)</msg>
<msg time="2025-12-04T17:14:20.898205" level="INFO">✓ Call ended successfully</msg>
<msg time="2025-12-04T17:14:20.898388" level="INFO">
============================================================</msg>
<msg time="2025-12-04T17:14:20.898526" level="INFO">================= SCENARIO COMPLETE ========================</msg>
<msg time="2025-12-04T17:14:20.898654" level="INFO">============================================================</msg>
<msg time="2025-12-04T17:14:20.898792" level="INFO">✓ All steps completed successfully!</msg>
<msg time="2025-12-04T17:14:20.898927" level="INFO">  • Both phones connected via STF (serial-based)</msg>
<msg time="2025-12-04T17:14:20.899056" level="INFO">  • Phone A switched to 2G</msg>
<msg time="2025-12-04T17:14:20.899186" level="INFO">  • Call initiated from Phone A to Phone B</msg>
<msg time="2025-12-04T17:14:20.899319" level="INFO">  • Phone B answered after 5 seconds of ringing</msg>
<msg time="2025-12-04T17:14:20.899456" level="INFO">  • Call lasted 30 seconds and ended</msg>
<msg time="2025-12-04T17:14:20.899580" level="INFO">============================================================</msg>
<msg time="2025-12-04T17:14:20.899724" level="INFO">Disconnecting STF device QV70006W1B...</msg>
<msg time="2025-12-04T17:14:20.924596" level="INFO">✓ Device QV70006W1B disconnected</msg>
<msg time="2025-12-04T17:14:20.940579" level="INFO">✓ Device QV70006W1B removed from user</msg>
<msg time="2025-12-04T17:14:20.940886" level="INFO">✓ Successfully disconnected device QV70006W1B</msg>
<msg time="2025-12-04T17:14:20.941045" level="INFO">Disconnecting STF device R5CWA1TBD9Y...</msg>
<msg time="2025-12-04T17:14:20.967105" level="INFO">✓ Device R5CWA1TBD9Y disconnected</msg>
<msg time="2025-12-04T17:14:20.982252" level="INFO">✓ Device R5CWA1TBD9Y removed from user</msg>
<msg time="2025-12-04T17:14:20.982583" level="INFO">✓ Successfully disconnected device R5CWA1TBD9Y</msg>
<msg time="2025-12-04T17:14:20.983307" level="INFO">============================================================
[97m2025-12-04 17:13:13[0m [[96mINFO[0m] ============================================================
=============== CUSTOM CALL SCENARIO =======================
[97m2025-12-04 17:13:13[0m [[96mINFO[0m] =============== CUSTOM CALL SCENARIO =======================
============================================================
[97m2025-12-04 17:13:13[0m [[96mINFO[0m] ============================================================
Scenario Steps:
[97m2025-12-04 17:13:13[0m [[96mINFO[0m] Scenario Steps:
  1. Restart ADB server
[97m2025-12-04 17:13:13[0m [[96mINFO[0m]   1. Restart ADB server
  2. Auto-select two available STF devices
[97m2025-12-04 17:13:13[0m [[96mINFO[0m]   2. Auto-select two available STF devices
  3. Connect both via STF (serial → IP:PORT)
[97m2025-12-04 17:13:13[0m [[96mINFO[0m]   3. Connect both via STF (serial → IP:PORT)
  4. Switch Phone A to 2G
[97m2025-12-04 17:13:13[0m [[96mINFO[0m]   4. Switch Phone A to 2G
  5. Phone A calls Phone B
[97m2025-12-04 17:13:13[0m [[96mINFO[0m]   5. Phone A calls Phone B
  6. Phone B answers after 5 seconds of ringing
[97m2025-12-04 17:13:13[0m [[96mINFO[0m]   6. Phone B answers after 5 seconds of ringing
  7. Call lasts 30 seconds then ends
[97m2025-12-04 17:13:13[0m [[96mINFO[0m]   7. Call lasts 30 seconds then ends
============================================================
[97m2025-12-04 17:13:13[0m [[96mINFO[0m] ============================================================
[90m2025-12-04 17:13:13[0m [[90mDEBUG[0m] [90mFound 23 devices in STF[0m
[97m2025-12-04 17:13:13[0m [[96mINFO[0m] Total devices in STF: 23
[90m2025-12-04 17:13:13[0m [[90mDEBUG[0m] [90mDevice QV70006W1B: present=True, ready=True, using=False, owner=None[0m
[97m2025-12-04 17:13:13[0m [[96mINFO[0m] ✓ Device QV70006W1B (H8216) is available
[90m2025-12-04 17:13:13[0m [[90mDEBUG[0m] [90mDevice R5CR217D85N: present=False, ready=True, using=False, owner=None[0m
[90m2025-12-04 17:13:13[0m [[90mDEBUG[0m] [90m✗ Device R5CR217D85N unavailable: not present[0m
[90m2025-12-04 17:13:13[0m [[90mDEBUG[0m] [90mDevice RZCX20HCQQW: present=False, ready=True, using=False, owner=None[0m
[90m2025-12-04 17:13:13[0m [[90mDEBUG[0m] [90m✗ Device RZCX20HCQQW unavailable: not present[0m
[90m2025-12-04 17:13:13[0m [[90mDEBUG[0m] [90mDevice R38MB03ZNYJ: present=False, ready=True, using=False, owner=None[0m
[90m2025-12-04 17:13:13[0m [[90mDEBUG[0m] [90m✗ Device R38MB03ZNYJ unavailable: not present[0m
[90m2025-12-04 17:13:13[0m [[90mDEBUG[0m] [90mDevice R3CW70CMBJH: present=False, ready=True, using=False, owner=None[0m
[90m2025-12-04 17:13:13[0m [[90mDEBUG[0m] [90m✗ Device R3CW70CMBJH unavailable: not present[0m
[90m2025-12-04 17:13:13[0m [[90mDEBUG[0m] [90mDevice 2791689f0822: present=False, ready=True, using=False, owner=None[0m
[90m2025-12-04 17:13:13[0m [[90mDEBUG[0m] [90m✗ Device 2791689f0822 unavailable: not present[0m
[90m2025-12-04 17:13:13[0m [[90mDEBUG[0m] [90mDevice R5CR217D8AR: present=False, ready=True, using=False, owner=None[0m
[90m2025-12-04 17:13:13[0m [[90mDEBUG[0m] [90m✗ Device R5CR217D8AR unavailable: not present[0m
[90m2025-12-04 17:13:13[0m [[90mDEBUG[0m] [90mDevice BH90017AAX: present=False, ready=True, using=False, owner=None[0m
[90m2025-12-04 17:13:13[0m [[90mDEBUG[0m] [90m✗ Device BH90017AAX unavailable: not present[0m
[90m2025-12-04 17:13:13[0m [[90mDEBUG[0m] [90mDevice R5CWA1TBCYZ: present=False, ready=True, using=False, owner=None[0m
[90m2025-12-04 17:13:13[0m [[90mDEBUG[0m] [90m✗ Device R5CWA1TBCYZ unavailable: not present[0m
[90m2025-12-04 17:13:13[0m [[90mDEBUG[0m] [90mDevice R5CR2184PXT: present=False, ready=True, using=False, owner=None[0m
[90m2025-12-04 17:13:13[0m [[90mDEBUG[0m] [90m✗ Device R5CR2184PXT unavailable: not present[0m
[90m2025-12-04 17:13:13[0m [[90mDEBUG[0m] [90mDevice R5CWA1TBC2F: present=False, ready=True, using=False, owner=None[0m
[90m2025-12-04 17:13:13[0m [[90mDEBUG[0m] [90m✗ Device R5CWA1TBC2F unavailable: not present[0m
[90m2025-12-04 17:13:13[0m [[90mDEBUG[0m] [90mDevice R5CR217E16N: present=False, ready=True, using=False, owner=None[0m
[90m2025-12-04 17:13:13[0m [[90mDEBUG[0m] [90m✗ Device R5CR217E16N unavailable: not present[0m
[90m2025-12-04 17:13:13[0m [[90mDEBUG[0m] [90mDevice R3CTC079E8V: present=False, ready=True, using=False, owner=None[0m
[90m2025-12-04 17:13:13[0m [[90mDEBUG[0m] [90m✗ Device R3CTC079E8V unavailable: not present[0m
[90m2025-12-04 17:13:13[0m [[90mDEBUG[0m] [90mDevice RZCY22CQ4FE: present=False, ready=True, using=False, owner=None[0m
[90m2025-12-04 17:13:13[0m [[90mDEBUG[0m] [90m✗ Device RZCY22CQ4FE unavailable: not present[0m
[90m2025-12-04 17:13:13[0m [[90mDEBUG[0m] [90mDevice RZCY22CQ3ZZ: present=False, ready=False, using=False, owner=None[0m
[90m2025-12-04 17:13:13[0m [[90mDEBUG[0m] [90m✗ Device RZCY22CQ3ZZ unavailable: not present, not ready[0m
[90m2025-12-04 17:13:13[0m [[90mDEBUG[0m] [90mDevice R5CX130T0YK: present=False, ready=True, using=False, owner=None[0m
[90m2025-12-04 17:13:13[0m [[90mDEBUG[0m] [90m✗ Device R5CX130T0YK unavailable: not present[0m
[90m2025-12-04 17:13:13[0m [[90mDEBUG[0m] [90mDevice R5CWA1TAA6R: present=False, ready=True, using=False, owner=None[0m
[90m2025-12-04 17:13:13[0m [[90mDEBUG[0m] [90m✗ Device R5CWA1TAA6R unavailable: not present[0m
[90m2025-12-04 17:13:13[0m [[90mDEBUG[0m] [90mDevice R5CWA1TAAXX: present=False, ready=True, using=False, owner=None[0m
[90m2025-12-04 17:13:13[0m [[90mDEBUG[0m] [90m✗ Device R5CWA1TAAXX unavailable: not present[0m
[90m2025-12-04 17:13:13[0m [[90mDEBUG[0m] [90mDevice R5CWA2RSCTV: present=False, ready=True, using=False, owner=None[0m
[90m2025-12-04 17:13:13[0m [[90mDEBUG[0m] [90m✗ Device R5CWA2RSCTV unavailable: not present[0m
[90m2025-12-04 17:13:13[0m [[90mDEBUG[0m] [90mDevice RZCX20HC60M: present=False, ready=True, using=False, owner=None[0m
[90m2025-12-04 17:13:13[0m [[90mDEBUG[0m] [90m✗ Device RZCX20HC60M unavailable: not present[0m
[90m2025-12-04 17:13:13[0m [[90mDEBUG[0m] [90mDevice R5CWA1TBD9Y: present=True, ready=True, using=False, owner=None[0m
[97m2025-12-04 17:13:13[0m [[96mINFO[0m] ✓ Device R5CWA1TBD9Y (SM-A546B) is available
[90m2025-12-04 17:13:13[0m [[90mDEBUG[0m] [90mDevice RZCX20HCFEF: present=True, ready=True, using=False, owner=None[0m
[97m2025-12-04 17:13:13[0m [[96mINFO[0m] ✓ Device RZCX20HCFEF (SM-A546B) is available
[90m2025-12-04 17:13:13[0m [[90mDEBUG[0m] [90mDevice R5CWA1TBDQF: present=False, ready=True, using=False, owner=None[0m
[90m2025-12-04 17:13:13[0m [[90mDEBUG[0m] [90m✗ Device R5CWA1TBDQF unavailable: not present[0m
[97m2025-12-04 17:13:13[0m [[96mINFO[0m] Selected STF devices:
[97m2025-12-04 17:13:13[0m [[96mINFO[0m]   Phone A: QV70006W1B - H8216 (OS 8.0.0)
[97m2025-12-04 17:13:13[0m [[96mINFO[0m]   Phone B: R5CWA1TBD9Y - SM-A546B (OS 15)

============================================================
[97m2025-12-04 17:13:13[0m [[96mINFO[0m] 
============================================================
STEP 0: Determining MSISDNs for the devices...
[97m2025-12-04 17:13:13[0m [[96mINFO[0m] STEP 0: Determining MSISDNs for the devices...
============================================================
[97m2025-12-04 17:13:13[0m [[96mINFO[0m] ============================================================
Using MSISDN for Phone A: +4915781993213
[97m2025-12-04 17:13:13[0m [[96mINFO[0m] Using MSISDN for Phone A: +4915781993213
Using MSISDN for Phone B: +4915900103141
[97m2025-12-04 17:13:13[0m [[96mINFO[0m] Using MSISDN for Phone B: +4915900103141
[97m2025-12-04 17:13:13[0m [[96mINFO[0m] ✓ STF Manager initialized

============================================================
[97m2025-12-04 17:13:13[0m [[96mINFO[0m] 
============================================================
STEP 0: Connecting selected STF devices via serial...
[97m2025-12-04 17:13:13[0m [[96mINFO[0m] STEP 0: Connecting selected STF devices via serial...
============================================================
[97m2025-12-04 17:13:13[0m [[96mINFO[0m] ============================================================
Verifying Phone A (QV70006W1B) availability...
[97m2025-12-04 17:13:13[0m [[96mINFO[0m] Verifying Phone A (QV70006W1B) availability...
[97m2025-12-04 17:13:13[0m [[96mINFO[0m] Connecting to STF device QV70006W1B...
[97m2025-12-04 17:13:13[0m [[96mINFO[0m] ✓ Device QV70006W1B added to user
[97m2025-12-04 17:13:13[0m [[96mINFO[0m] ✓ Remote connect URL for QV70006W1B: 172.29.42.44:7497
[90m2025-12-04 17:13:13[0m [[90mDEBUG[0m] [90mConnecting to 172.29.42.44:7497 via ADB (attempt 1/2)...[0m
[90m2025-12-04 17:13:13[0m [[90mDEBUG[0m] [90mconnected to 172.29.42.44:7497[0m
[90m2025-12-04 17:13:13[0m [[90mDEBUG[0m] [90mConnecting to 172.29.42.44:7497 via ADB (attempt 2/2)...[0m
[90m2025-12-04 17:13:13[0m [[90mDEBUG[0m] [90malready connected to 172.29.42.44:7497[0m
[97m2025-12-04 17:13:13[0m [[96mINFO[0m] ✓ Successfully connected to device QV70006W1B at 172.29.42.44:7497
Verifying Phone B (R5CWA1TBD9Y) availability...
[97m2025-12-04 17:13:13[0m [[96mINFO[0m] Verifying Phone B (R5CWA1TBD9Y) availability...
[97m2025-12-04 17:13:13[0m [[96mINFO[0m] Connecting to STF device R5CWA1TBD9Y...
[97m2025-12-04 17:13:13[0m [[96mINFO[0m] ✓ Device R5CWA1TBD9Y added to user
[97m2025-12-04 17:13:13[0m [[96mINFO[0m] ✓ Remote connect URL for R5CWA1TBD9Y: 172.29.42.44:7433
[90m2025-12-04 17:13:13[0m [[90mDEBUG[0m] [90mConnecting to 172.29.42.44:7433 via ADB (attempt 1/2)...[0m
[90m2025-12-04 17:13:13[0m [[90mDEBUG[0m] [90mconnected to 172.29.42.44:7433[0m
[90m2025-12-04 17:13:13[0m [[90mDEBUG[0m] [90mConnecting to 172.29.42.44:7433 via ADB (attempt 2/2)...[0m
[90m2025-12-04 17:13:13[0m [[90mDEBUG[0m] [90malready connected to 172.29.42.44:7433[0m
[97m2025-12-04 17:13:13[0m [[96mINFO[0m] ✓ Successfully connected to device R5CWA1TBD9Y at 172.29.42.44:7433
Phone A ADB target: 172.29.42.44:7497
[97m2025-12-04 17:13:13[0m [[96mINFO[0m] Phone A ADB target: 172.29.42.44:7497
Phone B ADB target: 172.29.42.44:7433
[97m2025-12-04 17:13:13[0m [[96mINFO[0m] Phone B ADB target: 172.29.42.44:7433
Phone A: +4915781993213 @ 172.29.42.44:7497 (serial QV70006W1B)
[97m2025-12-04 17:13:13[0m [[96mINFO[0m] Phone A: +4915781993213 @ 172.29.42.44:7497 (serial QV70006W1B)
Phone B: +4915900103141 @ 172.29.42.44:7433 (serial R5CWA1TBD9Y)
[97m2025-12-04 17:13:13[0m [[96mINFO[0m] Phone B: +4915900103141 @ 172.29.42.44:7433 (serial R5CWA1TBD9Y)

============================================================
[97m2025-12-04 17:13:13[0m [[96mINFO[0m] 
============================================================
STEP 1: Restarting ADB server...
[97m2025-12-04 17:13:13[0m [[96mINFO[0m] STEP 1: Restarting ADB server...
============================================================
[97m2025-12-04 17:13:13[0m [[96mINFO[0m] ============================================================
[97m2025-12-04 17:13:13[0m [[96mINFO[0m] Killing ADB server...
[97m2025-12-04 17:13:13[0m [[96mINFO[0m] ✓ ADB server killed successfully
[97m2025-12-04 17:13:14[0m [[96mINFO[0m] Starting ADB server...
[97m2025-12-04 17:13:17[0m [[96mINFO[0m] ✓ ADB server started successfully
[97m2025-12-04 17:13:17[0m [[96mINFO[0m] Note: You may need to authorize the connection on your device(s)
✓ ADB server restarted successfully
[97m2025-12-04 17:13:17[0m [[96mINFO[0m] ✓ ADB server restarted successfully

============================================================
[97m2025-12-04 17:13:19[0m [[96mINFO[0m] 
============================================================
STEP 2: Connecting to both phones (via ADB)...
[97m2025-12-04 17:13:19[0m [[96mINFO[0m] STEP 2: Connecting to both phones (via ADB)...
============================================================
[97m2025-12-04 17:13:19[0m [[96mINFO[0m] ============================================================
Connecting to Phone A (+4915781993213)...
[97m2025-12-04 17:13:19[0m [[96mINFO[0m] Connecting to Phone A (+4915781993213)...
[97m2025-12-04 17:13:19[0m [[96mINFO[0m] Connecting to device at 172.29.42.44:7497...
[97m2025-12-04 17:13:19[0m [[96mINFO[0m] ✓ Successfully connected to 172.29.42.44:7497
[90m2025-12-04 17:13:19[0m [[90mDEBUG[0m] [90mOutput: connected to 172.29.42.44:7497[0m
Connecting to Phone B (+4915900103141)...
[97m2025-12-04 17:13:19[0m [[96mINFO[0m] Connecting to Phone B (+4915900103141)...
[97m2025-12-04 17:13:19[0m [[96mINFO[0m] Connecting to device at 172.29.42.44:7433...
[97m2025-12-04 17:13:19[0m [[96mINFO[0m] ✓ Successfully connected to 172.29.42.44:7433
[90m2025-12-04 17:13:19[0m [[90mDEBUG[0m] [90mOutput: connected to 172.29.42.44:7433[0m
✓ Both phones connected successfully
[97m2025-12-04 17:13:19[0m [[96mINFO[0m] ✓ Both phones connected successfully

============================================================
[97m2025-12-04 17:13:21[0m [[96mINFO[0m] 
============================================================
STEP 3: Switching Phone A (+4915781993213) to 2G...
[97m2025-12-04 17:13:21[0m [[96mINFO[0m] STEP 3: Switching Phone A (+4915781993213) to 2G...
============================================================
[97m2025-12-04 17:13:21[0m [[96mINFO[0m] ============================================================
[97m2025-12-04 17:13:21[0m [[96mINFO[0m] Setting network type to 2G (value: 1)...
[97m2025-12-04 17:13:21[0m [[96mINFO[0m] Current mode value: 1, changing to: 1
[90m2025-12-04 17:13:21[0m [[90mDEBUG[0m] [90mAttempting Method 1: settings command...[0m
[90m2025-12-04 17:13:21[0m [[90mDEBUG[0m] [90mAttempting Method 2: settings with subscription ID...[0m
[90m2025-12-04 17:13:21[0m [[90mDEBUG[0m] [90mAttempting Method 3: service call...[0m
[90m2025-12-04 17:13:21[0m [[90mDEBUG[0m] [90mAttempting Method 4: Samsung-specific service call...[0m
[90m2025-12-04 17:13:21[0m [[90mDEBUG[0m] [90m✓ Method 1 succeeded[0m
[90m2025-12-04 17:13:21[0m [[90mDEBUG[0m] [90m✓ Method 2 succeeded[0m
[90m2025-12-04 17:13:21[0m [[90mDEBUG[0m] [90m✓ Method 3 succeeded[0m
[90m2025-12-04 17:13:21[0m [[90mDEBUG[0m] [90m✓ Method 4 succeeded[0m
[97m2025-12-04 17:13:21[0m [[96mINFO[0m] ✓ Network type setting commands executed successfully
[97m2025-12-04 17:13:21[0m [[96mINFO[0m] Applying changes by toggling airplane mode...
[97m2025-12-04 17:13:21[0m [[96mINFO[0m] Airplane mode enabled, waiting 3 seconds...
[97m2025-12-04 17:13:25[0m [[96mINFO[0m] Airplane mode disabled, waiting for network to reconnect...
[97m2025-12-04 17:13:30[0m [[96mINFO[0m] Verifying network mode change...
[97m2025-12-04 17:13:30[0m [[96mINFO[0m] ✓ Network mode successfully changed and applied!
[97m2025-12-04 17:13:30[0m [[96mINFO[0m] Current network type: 2G only (GSM)
✓ Successfully switched Phone A to 2G
[97m2025-12-04 17:13:30[0m [[96mINFO[0m] ✓ Successfully switched Phone A to 2G
Waiting for network to stabilize...
[97m2025-12-04 17:13:30[0m [[96mINFO[0m] Waiting for network to stabilize...

============================================================
[97m2025-12-04 17:13:33[0m [[96mINFO[0m] 
============================================================
STEP 4: Phone A (+4915781993213) calling Phone B (+4915900103141)...
[97m2025-12-04 17:13:33[0m [[96mINFO[0m] STEP 4: Phone A (+4915781993213) calling Phone B (+4915900103141)...
============================================================
[97m2025-12-04 17:13:33[0m [[96mINFO[0m] ============================================================
[97m2025-12-04 17:13:33[0m [[96mINFO[0m] Initiating call from +4915781993213 to +4915900103141...
[97m2025-12-04 17:13:33[0m [[96mINFO[0m] ✓ Call initiated successfully!
[90m2025-12-04 17:13:33[0m [[90mDEBUG[0m] [90mOutput: Starting: Intent { act=android.intent.action.CALL dat=tel:xxxxxxxxxxxxxx }[0m
✓ Call initiated successfully
[97m2025-12-04 17:13:33[0m [[96mINFO[0m] ✓ Call initiated successfully

============================================================
[97m2025-12-04 17:13:33[0m [[96mINFO[0m] 
============================================================
STEP 5: Waiting for Phone B to ring...
[97m2025-12-04 17:13:33[0m [[96mINFO[0m] STEP 5: Waiting for Phone B to ring...
============================================================
[97m2025-12-04 17:13:33[0m [[96mINFO[0m] ============================================================
[90m2025-12-04 17:13:34[0m [[90mDEBUG[0m] [90mCall state for +4915900103141: IDLE[0m
[90m2025-12-04 17:13:35[0m [[90mDEBUG[0m] [90mCall state for +4915900103141: IDLE[0m
[90m2025-12-04 17:13:36[0m [[90mDEBUG[0m] [90mCall state for +4915900103141: IDLE[0m
⏳ Still waiting for ring... (3/30s)
[97m2025-12-04 17:13:36[0m [[96mINFO[0m] ⏳ Still waiting for ring... (3/30s)
[90m2025-12-04 17:13:37[0m [[90mDEBUG[0m] [90mCall state for +4915900103141: IDLE[0m
[90m2025-12-04 17:13:39[0m [[90mDEBUG[0m] [90mCall state for +4915900103141: IDLE[0m
[90m2025-12-04 17:13:40[0m [[90mDEBUG[0m] [90mCall state for +4915900103141: IDLE[0m
⏳ Still waiting for ring... (6/30s)
[97m2025-12-04 17:13:40[0m [[96mINFO[0m] ⏳ Still waiting for ring... (6/30s)
[90m2025-12-04 17:13:41[0m [[90mDEBUG[0m] [90mCall state for +4915900103141: RINGING[0m
📞 Phone B (+4915900103141) is ringing! (after 7 seconds)
[97m2025-12-04 17:13:41[0m [[96mINFO[0m] 📞 Phone B (+4915900103141) is ringing! (after 7 seconds)
⏳ Waiting to answer... (5.0s remaining)
[97m2025-12-04 17:13:41[0m [[96mINFO[0m] ⏳ Waiting to answer... (5.0s remaining)
[90m2025-12-04 17:13:42[0m [[90mDEBUG[0m] [90mCall state for +4915900103141: RINGING[0m
⏳ Waiting to answer... (3.9s remaining)
[97m2025-12-04 17:13:42[0m [[96mINFO[0m] ⏳ Waiting to answer... (3.9s remaining)
[90m2025-12-04 17:13:43[0m [[90mDEBUG[0m] [90mCall state for +4915900103141: RINGING[0m
⏳ Waiting to answer... (2.8s remaining)
[97m2025-12-04 17:13:43[0m [[96mINFO[0m] ⏳ Waiting to answer... (2.8s remaining)
[90m2025-12-04 17:13:44[0m [[90mDEBUG[0m] [90mCall state for +4915900103141: RINGING[0m
⏳ Waiting to answer... (1.7s remaining)
[97m2025-12-04 17:13:44[0m [[96mINFO[0m] ⏳ Waiting to answer... (1.7s remaining)
[90m2025-12-04 17:13:45[0m [[90mDEBUG[0m] [90mCall state for +4915900103141: RINGING[0m
⏳ Waiting to answer... (0.6s remaining)
[97m2025-12-04 17:13:45[0m [[96mINFO[0m] ⏳ Waiting to answer... (0.6s remaining)
[90m2025-12-04 17:13:46[0m [[90mDEBUG[0m] [90mCall state for +4915900103141: RINGING[0m

⏱️  Phone B has been ringing for 5.5 seconds
[97m2025-12-04 17:13:46[0m [[96mINFO[0m] 
⏱️  Phone B has been ringing for 5.5 seconds
Answering call on Phone B (+4915900103141)...
[97m2025-12-04 17:13:46[0m [[96mINFO[0m] Answering call on Phone B (+4915900103141)...
[90m2025-12-04 17:13:46[0m [[90mDEBUG[0m] [90mCall state for +4915900103141: RINGING[0m
[97m2025-12-04 17:13:46[0m [[96mINFO[0m] Answering call on +4915900103141...
[97m2025-12-04 17:13:46[0m [[96mINFO[0m] ✓ Call answered successfully on +4915900103141
[90m2025-12-04 17:13:48[0m [[90mDEBUG[0m] [90mCall state for 172.29.42.44:7433: OFFHOOK[0m
[97m2025-12-04 17:13:48[0m [[96mINFO[0m] ✓ Call is now active (state: OFFHOOK)
✓ Call answered successfully!
[97m2025-12-04 17:13:48[0m [[96mINFO[0m] ✓ Call answered successfully!

============================================================
[97m2025-12-04 17:13:48[0m [[96mINFO[0m] 
============================================================
Waiting for call to be fully connected...
[97m2025-12-04 17:13:48[0m [[96mINFO[0m] Waiting for call to be fully connected...
============================================================
[97m2025-12-04 17:13:48[0m [[96mINFO[0m] ============================================================
[90m2025-12-04 17:13:49[0m [[90mDEBUG[0m] [90mCall state for +4915781993213: OFFHOOK[0m
[90m2025-12-04 17:13:49[0m [[90mDEBUG[0m] [90mCall state for +4915900103141: OFFHOOK[0m
✓ Call is now fully connected! (OFFHOOK on both sides after 1s)
[97m2025-12-04 17:13:49[0m [[96mINFO[0m] ✓ Call is now fully connected! (OFFHOOK on both sides after 1s)

============================================================
[97m2025-12-04 17:13:49[0m [[96mINFO[0m] 
============================================================
STEP 6: Call in progress...
[97m2025-12-04 17:13:49[0m [[96mINFO[0m] STEP 6: Call in progress...
============================================================
[97m2025-12-04 17:13:49[0m [[96mINFO[0m] ============================================================
⏱️  Call timer started! Call will last 30 seconds...
[97m2025-12-04 17:13:49[0m [[96mINFO[0m] ⏱️  Call timer started! Call will last 30 seconds...
⏳ Call in progress... 30s remaining
[97m2025-12-04 17:13:49[0m [[96mINFO[0m] ⏳ Call in progress... 30s remaining
⏳ Call in progress... 25s remaining
[97m2025-12-04 17:13:54[0m [[96mINFO[0m] ⏳ Call in progress... 25s remaining
⏳ Call in progress... 20s remaining
[97m2025-12-04 17:13:59[0m [[96mINFO[0m] ⏳ Call in progress... 20s remaining
⏳ Call in progress... 15s remaining
[97m2025-12-04 17:14:04[0m [[96mINFO[0m] ⏳ Call in progress... 15s remaining
⏳ Call in progress... 10s remaining
[97m2025-12-04 17:14:09[0m [[96mINFO[0m] ⏳ Call in progress... 10s remaining
⏳ Call in progress... 5s remaining
[97m2025-12-04 17:14:14[0m [[96mINFO[0m] ⏳ Call in progress... 5s remaining

⏱️  30 seconds elapsed. Ending call...
[97m2025-12-04 17:14:19[0m [[96mINFO[0m] 
⏱️  30 seconds elapsed. Ending call...
[90m2025-12-04 17:14:19[0m [[90mDEBUG[0m] [90mCall state for +4915781993213: OFFHOOK[0m
[97m2025-12-04 17:14:19[0m [[96mINFO[0m] Ending call on +4915781993213...
[97m2025-12-04 17:14:19[0m [[96mINFO[0m] ✓ Call ended successfully on +4915781993213
[90m2025-12-04 17:14:19[0m [[90mDEBUG[0m] [90mCall state for +4915900103141: OFFHOOK[0m
[97m2025-12-04 17:14:19[0m [[96mINFO[0m] Also ending call on +4915900103141...
[97m2025-12-04 17:14:19[0m [[96mINFO[0m] ✓ Call ended on +4915900103141
[90m2025-12-04 17:14:20[0m [[90mDEBUG[0m] [90mCall state for 172.29.42.44:7497: IDLE[0m
[97m2025-12-04 17:14:20[0m [[96mINFO[0m] ✓ Phone is now idle (state: IDLE)
✓ Call ended successfully
[97m2025-12-04 17:14:20[0m [[96mINFO[0m] ✓ Call ended successfully

============================================================
[97m2025-12-04 17:14:20[0m [[96mINFO[0m] 
============================================================
================= SCENARIO COMPLETE ========================
[97m2025-12-04 17:14:20[0m [[96mINFO[0m] ================= SCENARIO COMPLETE ========================
============================================================
[97m2025-12-04 17:14:20[0m [[96mINFO[0m] ============================================================
✓ All steps completed successfully!
[97m2025-12-04 17:14:20[0m [[96mINFO[0m] ✓ All steps completed successfully!
  • Both phones connected via STF (serial-based)
[97m2025-12-04 17:14:20[0m [[96mINFO[0m]   • Both phones connected via STF (serial-based)
  • Phone A switched to 2G
[97m2025-12-04 17:14:20[0m [[96mINFO[0m]   • Phone A switched to 2G
  • Call initiated from Phone A to Phone B
[97m2025-12-04 17:14:20[0m [[96mINFO[0m]   • Call initiated from Phone A to Phone B
  • Phone B answered after 5 seconds of ringing
[97m2025-12-04 17:14:20[0m [[96mINFO[0m]   • Phone B answered after 5 seconds of ringing
  • Call lasted 30 seconds and ended
[97m2025-12-04 17:14:20[0m [[96mINFO[0m]   • Call lasted 30 seconds and ended
============================================================
[97m2025-12-04 17:14:20[0m [[96mINFO[0m] ============================================================
[97m2025-12-04 17:14:20[0m [[96mINFO[0m] Disconnecting STF device QV70006W1B...
[90m2025-12-04 17:14:20[0m [[90mDEBUG[0m] [90mDisconnecting 172.29.42.44:7497 from ADB...[0m
[97m2025-12-04 17:14:20[0m [[96mINFO[0m] ✓ Device QV70006W1B disconnected
[97m2025-12-04 17:14:20[0m [[96mINFO[0m] ✓ Device QV70006W1B removed from user
[97m2025-12-04 17:14:20[0m [[96mINFO[0m] ✓ Successfully disconnected device QV70006W1B
[97m2025-12-04 17:14:20[0m [[96mINFO[0m] Disconnecting STF device R5CWA1TBD9Y...
[90m2025-12-04 17:14:20[0m [[90mDEBUG[0m] [90mDisconnecting 172.29.42.44:7433 from ADB...[0m
[97m2025-12-04 17:14:20[0m [[96mINFO[0m] ✓ Device R5CWA1TBD9Y disconnected
[97m2025-12-04 17:14:20[0m [[96mINFO[0m] ✓ Device R5CWA1TBD9Y removed from user
[97m2025-12-04 17:14:20[0m [[96mINFO[0m] ✓ Successfully disconnected device R5CWA1TBD9Y</msg>
<msg time="2025-12-04T17:14:20.984667" level="INFO">${success} = True</msg>
<var>${success}</var>
<doc>Execute the custom call scenario using auto-selected STF devices.</doc>
<status status="PASS" start="2025-12-04T17:13:13.167615" elapsed="67.817135"/>
</kw>
<kw name="Should Be True" owner="BuiltIn">
<arg>${success}</arg>
<arg>Custom call scenario failed</arg>
<doc>Fails if the given condition is not true.</doc>
<status status="PASS" start="2025-12-04T17:14:20.985375" elapsed="0.000556"/>
</kw>
<doc>Execute automated call scenario with two auto-selected STF devices
Directly calls the Python run_custom_scenario() function.</doc>
<tag>2G</tag>
<tag>call-test</tag>
<tag>phone-automation</tag>
<tag>stf</tag>
<status status="PASS" start="2025-12-04T17:13:13.164695" elapsed="67.821570"/>
</test>
<doc>Custom Call Automation Test Suite
Automated phone call scenario using STF devices:
1. Auto-select two available STF devices
2. Connect both via STF (serial → IP:PORT)
3. Switch Phone A to 2G
4. Phone A calls Phone B
5. Phone B answers after 5 seconds of ringing
6. Call lasts 30 seconds and ends

This test simply calls the Python function from custom_call.py
which contains all the scenario logic.</doc>
<status status="PASS" start="2025-12-04T17:13:13.101674" elapsed="67.885365"/>
</suite>
<status status="PASS" start="2025-12-04T17:13:13.100615" elapsed="67.887534"/>
</suite>
<status status="PASS" start="2025-12-04T17:13:13.081203" elapsed="67.907515"/>
</suite>
<statistics>
<total>
<stat pass="1" fail="0" skip="0">All Tests</stat>
</total>
<tag>
<stat pass="1" fail="0" skip="0">2G</stat>
<stat pass="1" fail="0" skip="0">call-test</stat>
<stat pass="1" fail="0" skip="0">phone-automation</stat>
<stat pass="1" fail="0" skip="0">stf</stat>
</tag>
<suite>
<stat name="MSS-AUTOMATION" id="s1" pass="1" fail="0" skip="0">MSS-AUTOMATION</stat>
<stat name="Tests" id="s1-s1" pass="1" fail="0" skip="0">MSS-AUTOMATION.Tests</stat>
<stat name="CustomCall" id="s1-s1-s1" pass="1" fail="0" skip="0">MSS-AUTOMATION.Tests.CustomCall</stat>
</suite>
</statistics>
<errors>
</errors>
</robot>
